[0.511s] Invoking command in '/home/long/tracker_ws/build/tutorial_pkg': CMAKE_PREFIX_PATH=${CMAKE_PREFIX_PATH}:/opt/ros/foxy /usr/bin/cmake --build /home/long/tracker_ws/build/tutorial_pkg -- -j4 -l4
[0.563s] [35m[1mScanning dependencies of target my_first_node[0m
[0.598s] [ 50%] [32mBuilding CXX object CMakeFiles/my_first_node.dir/src/my_first_node.cpp.o[0m
[6.010s] [100%] [32m[1mLinking CXX executable my_first_node[0m
[6.302s] [100%] Built target my_first_node
[6.314s] Invoked command in '/home/long/tracker_ws/build/tutorial_pkg' returned '0': CMAKE_PREFIX_PATH=${CMAKE_PREFIX_PATH}:/opt/ros/foxy /usr/bin/cmake --build /home/long/tracker_ws/build/tutorial_pkg -- -j4 -l4
[6.354s] Invoking command in '/home/long/tracker_ws/build/tutorial_pkg': CMAKE_PREFIX_PATH=${CMAKE_PREFIX_PATH}:/opt/ros/foxy /usr/bin/cmake --install /home/long/tracker_ws/build/tutorial_pkg
[6.362s] -- Install configuration: ""
[6.362s] -- Installing: /home/long/tracker_ws/install/tutorial_pkg/lib/tutorial_pkg/my_first_node
[6.365s] -- Set runtime path of "/home/long/tracker_ws/install/tutorial_pkg/lib/tutorial_pkg/my_first_node" to ""
[6.365s] -- Up-to-date: /home/long/tracker_ws/install/tutorial_pkg/share/ament_index/resource_index/package_run_dependencies/tutorial_pkg
[6.366s] -- Up-to-date: /home/long/tracker_ws/install/tutorial_pkg/share/ament_index/resource_index/parent_prefix_path/tutorial_pkg
[6.366s] -- Up-to-date: /home/long/tracker_ws/install/tutorial_pkg/share/tutorial_pkg/environment/ament_prefix_path.sh
[6.366s] -- Up-to-date: /home/long/tracker_ws/install/tutorial_pkg/share/tutorial_pkg/environment/ament_prefix_path.dsv
[6.366s] -- Up-to-date: /home/long/tracker_ws/install/tutorial_pkg/share/tutorial_pkg/environment/path.sh
[6.366s] -- Up-to-date: /home/long/tracker_ws/install/tutorial_pkg/share/tutorial_pkg/environment/path.dsv
[6.366s] -- Up-to-date: /home/long/tracker_ws/install/tutorial_pkg/share/tutorial_pkg/local_setup.bash
[6.366s] -- Up-to-date: /home/long/tracker_ws/install/tutorial_pkg/share/tutorial_pkg/local_setup.sh
[6.366s] -- Up-to-date: /home/long/tracker_ws/install/tutorial_pkg/share/tutorial_pkg/local_setup.zsh
[6.366s] -- Up-to-date: /home/long/tracker_ws/install/tutorial_pkg/share/tutorial_pkg/local_setup.dsv
[6.366s] -- Installing: /home/long/tracker_ws/install/tutorial_pkg/share/tutorial_pkg/package.dsv
[6.367s] -- Up-to-date: /home/long/tracker_ws/install/tutorial_pkg/share/ament_index/resource_index/packages/tutorial_pkg
[6.367s] -- Up-to-date: /home/long/tracker_ws/install/tutorial_pkg/share/tutorial_pkg/cmake/tutorial_pkgConfig.cmake
[6.367s] -- Up-to-date: /home/long/tracker_ws/install/tutorial_pkg/share/tutorial_pkg/cmake/tutorial_pkgConfig-version.cmake
[6.367s] -- Up-to-date: /home/long/tracker_ws/install/tutorial_pkg/share/tutorial_pkg/package.xml
[6.369s] Invoked command in '/home/long/tracker_ws/build/tutorial_pkg' returned '0': CMAKE_PREFIX_PATH=${CMAKE_PREFIX_PATH}:/opt/ros/foxy /usr/bin/cmake --install /home/long/tracker_ws/build/tutorial_pkg
