[6.103s] DEBUG:colcon:Command line arguments: ['/usr/bin/colcon', 'build']
[6.103s] DEBUG:colcon:Parsed command line arguments: Namespace(allow_overriding=[], ament_cmake_args=None, base_paths=['.'], build_base='build', catkin_cmake_args=None, catkin_skip_building_tests=False, cmake_args=None, cmake_clean_cache=False, cmake_clean_first=False, cmake_force_configure=False, cmake_target=None, cmake_target_skip_unavailable=False, continue_on_error=False, event_handlers=None, executor='parallel', ignore_user_meta=False, install_base='install', log_base=None, log_level=None, main=<bound method BuildVerb.main of <colcon_core.verb.build.BuildVerb object at 0x7f44be6e3dc0>>, merge_install=False, metas=['./colcon.meta'], packages_above=None, packages_above_and_dependencies=None, packages_above_depth=None, packages_end=None, packages_ignore=None, packages_ignore_regex=None, packages_select=None, packages_select_build_failed=False, packages_select_by_dep=None, packages_select_regex=None, packages_select_test_failures=False, packages_skip=None, packages_skip_build_finished=False, packages_skip_by_dep=None, packages_skip_regex=None, packages_skip_test_passed=False, packages_skip_up_to=None, packages_start=None, packages_up_to=None, packages_up_to_regex=None, parallel_workers=4, paths=None, symlink_install=False, test_result_base=None, verb_extension=<colcon_core.verb.build.BuildVerb object at 0x7f44be6e3dc0>, verb_name='build', verb_parser=<colcon_defaults.argument_parser.defaults.DefaultArgumentsDecorator object at 0x7f44be3ce3d0>)
[6.337s] Level 1:colcon.colcon_core.package_discovery:discover_packages(colcon_meta) check parameters
[6.337s] Level 1:colcon.colcon_core.package_discovery:discover_packages(recursive) check parameters
[6.337s] Level 1:colcon.colcon_core.package_discovery:discover_packages(ignore) check parameters
[6.337s] Level 1:colcon.colcon_core.package_discovery:discover_packages(path) check parameters
[6.337s] Level 1:colcon.colcon_core.package_discovery:discover_packages(colcon_meta) discover
[6.337s] Level 1:colcon.colcon_core.package_discovery:discover_packages(recursive) discover
[6.337s] INFO:colcon.colcon_core.package_discovery:Crawling recursively for packages in '/home/long/tracker_ws'
[6.337s] Level 1:colcon.colcon_core.package_identification:_identify(.) by extensions ['ignore', 'ignore_ament_install']
[6.337s] Level 1:colcon.colcon_core.package_identification:_identify(.) by extension 'ignore'
[6.337s] Level 1:colcon.colcon_core.package_identification:_identify(.) by extension 'ignore_ament_install'
[6.337s] Level 1:colcon.colcon_core.package_identification:_identify(.) by extensions ['colcon_pkg']
[6.337s] Level 1:colcon.colcon_core.package_identification:_identify(.) by extension 'colcon_pkg'
[6.337s] Level 1:colcon.colcon_core.package_identification:_identify(.) by extensions ['colcon_meta']
[6.337s] Level 1:colcon.colcon_core.package_identification:_identify(.) by extension 'colcon_meta'
[6.337s] Level 1:colcon.colcon_core.package_identification:_identify(.) by extensions ['ros']
[6.338s] Level 1:colcon.colcon_core.package_identification:_identify(.) by extension 'ros'
[6.349s] Level 1:colcon.colcon_core.package_identification:_identify(.) by extensions ['cmake', 'python']
[6.349s] Level 1:colcon.colcon_core.package_identification:_identify(.) by extension 'cmake'
[6.349s] Level 1:colcon.colcon_core.package_identification:_identify(.) by extension 'python'
[6.349s] Level 1:colcon.colcon_core.package_identification:_identify(.) by extensions ['python_setup_py']
[6.349s] Level 1:colcon.colcon_core.package_identification:_identify(.) by extension 'python_setup_py'
[6.349s] Level 1:colcon.colcon_core.package_identification:_identify(build) by extensions ['ignore', 'ignore_ament_install']
[6.349s] Level 1:colcon.colcon_core.package_identification:_identify(build) by extension 'ignore'
[6.349s] Level 1:colcon.colcon_core.package_identification:_identify(build) ignored
[6.350s] Level 1:colcon.colcon_core.package_identification:_identify(install) by extensions ['ignore', 'ignore_ament_install']
[6.350s] Level 1:colcon.colcon_core.package_identification:_identify(install) by extension 'ignore'
[6.350s] Level 1:colcon.colcon_core.package_identification:_identify(install) ignored
[6.350s] Level 1:colcon.colcon_core.package_identification:_identify(log) by extensions ['ignore', 'ignore_ament_install']
[6.350s] Level 1:colcon.colcon_core.package_identification:_identify(log) by extension 'ignore'
[6.350s] Level 1:colcon.colcon_core.package_identification:_identify(log) ignored
[6.350s] Level 1:colcon.colcon_core.package_identification:_identify(src) by extensions ['ignore', 'ignore_ament_install']
[6.350s] Level 1:colcon.colcon_core.package_identification:_identify(src) by extension 'ignore'
[6.350s] Level 1:colcon.colcon_core.package_identification:_identify(src) by extension 'ignore_ament_install'
[6.350s] Level 1:colcon.colcon_core.package_identification:_identify(src) by extensions ['colcon_pkg']
[6.350s] Level 1:colcon.colcon_core.package_identification:_identify(src) by extension 'colcon_pkg'
[6.350s] Level 1:colcon.colcon_core.package_identification:_identify(src) by extensions ['colcon_meta']
[6.350s] Level 1:colcon.colcon_core.package_identification:_identify(src) by extension 'colcon_meta'
[6.350s] Level 1:colcon.colcon_core.package_identification:_identify(src) by extensions ['ros']
[6.350s] Level 1:colcon.colcon_core.package_identification:_identify(src) by extension 'ros'
[6.350s] Level 1:colcon.colcon_core.package_identification:_identify(src) by extensions ['cmake', 'python']
[6.350s] Level 1:colcon.colcon_core.package_identification:_identify(src) by extension 'cmake'
[6.350s] Level 1:colcon.colcon_core.package_identification:_identify(src) by extension 'python'
[6.351s] Level 1:colcon.colcon_core.package_identification:_identify(src) by extensions ['python_setup_py']
[6.351s] Level 1:colcon.colcon_core.package_identification:_identify(src) by extension 'python_setup_py'
[6.351s] Level 1:colcon.colcon_core.package_identification:_identify(src/tutorial_pkg) by extensions ['ignore', 'ignore_ament_install']
[6.351s] Level 1:colcon.colcon_core.package_identification:_identify(src/tutorial_pkg) by extension 'ignore'
[6.351s] Level 1:colcon.colcon_core.package_identification:_identify(src/tutorial_pkg) by extension 'ignore_ament_install'
[6.351s] Level 1:colcon.colcon_core.package_identification:_identify(src/tutorial_pkg) by extensions ['colcon_pkg']
[6.351s] Level 1:colcon.colcon_core.package_identification:_identify(src/tutorial_pkg) by extension 'colcon_pkg'
[6.351s] Level 1:colcon.colcon_core.package_identification:_identify(src/tutorial_pkg) by extensions ['colcon_meta']
[6.351s] Level 1:colcon.colcon_core.package_identification:_identify(src/tutorial_pkg) by extension 'colcon_meta'
[6.351s] Level 1:colcon.colcon_core.package_identification:_identify(src/tutorial_pkg) by extensions ['ros']
[6.351s] Level 1:colcon.colcon_core.package_identification:_identify(src/tutorial_pkg) by extension 'ros'
[6.354s] DEBUG:colcon.colcon_core.package_identification:Package 'src/tutorial_pkg' with type 'ros.ament_cmake' and name 'tutorial_pkg'
[6.354s] Level 1:colcon.colcon_core.package_discovery:discover_packages(recursive) using defaults
[6.354s] Level 1:colcon.colcon_core.package_discovery:discover_packages(ignore) discover
[6.354s] Level 1:colcon.colcon_core.package_discovery:discover_packages(ignore) using defaults
[6.354s] Level 1:colcon.colcon_core.package_discovery:discover_packages(path) discover
[6.354s] Level 1:colcon.colcon_core.package_discovery:discover_packages(path) using defaults
[6.918s] Level 1:colcon.colcon_core.package_discovery:discover_packages(prefix_path) check parameters
[6.918s] Level 1:colcon.colcon_core.package_discovery:discover_packages(prefix_path) discover
[7.134s] DEBUG:colcon.colcon_installed_package_information.package_discovery:Found 1 installed packages in /home/long/tracker_ws/install
[7.242s] DEBUG:colcon.colcon_installed_package_information.package_discovery:Found 293 installed packages in /opt/ros/foxy
[7.243s] Level 1:colcon.colcon_core.package_discovery:discover_packages(prefix_path) using defaults
[7.541s] Level 5:colcon.colcon_core.verb:set package 'tutorial_pkg' build argument 'cmake_args' from command line to 'None'
[7.541s] Level 5:colcon.colcon_core.verb:set package 'tutorial_pkg' build argument 'cmake_target' from command line to 'None'
[7.541s] Level 5:colcon.colcon_core.verb:set package 'tutorial_pkg' build argument 'cmake_target_skip_unavailable' from command line to 'False'
[7.541s] Level 5:colcon.colcon_core.verb:set package 'tutorial_pkg' build argument 'cmake_clean_cache' from command line to 'False'
[7.541s] Level 5:colcon.colcon_core.verb:set package 'tutorial_pkg' build argument 'cmake_clean_first' from command line to 'False'
[7.541s] Level 5:colcon.colcon_core.verb:set package 'tutorial_pkg' build argument 'cmake_force_configure' from command line to 'False'
[7.542s] Level 5:colcon.colcon_core.verb:set package 'tutorial_pkg' build argument 'ament_cmake_args' from command line to 'None'
[7.542s] Level 5:colcon.colcon_core.verb:set package 'tutorial_pkg' build argument 'catkin_cmake_args' from command line to 'None'
[7.542s] Level 5:colcon.colcon_core.verb:set package 'tutorial_pkg' build argument 'catkin_skip_building_tests' from command line to 'False'
[7.542s] DEBUG:colcon.colcon_core.verb:Building package 'tutorial_pkg' with the following arguments: {'ament_cmake_args': None, 'build_base': '/home/long/tracker_ws/build/tutorial_pkg', 'catkin_cmake_args': None, 'catkin_skip_building_tests': False, 'cmake_args': None, 'cmake_clean_cache': False, 'cmake_clean_first': False, 'cmake_force_configure': False, 'cmake_target': None, 'cmake_target_skip_unavailable': False, 'install_base': '/home/long/tracker_ws/install/tutorial_pkg', 'merge_install': False, 'path': '/home/long/tracker_ws/src/tutorial_pkg', 'symlink_install': False, 'test_result_base': None}
[7.647s] INFO:colcon.colcon_core.executor:Executing jobs using 'parallel' executor
[7.758s] DEBUG:colcon.colcon_parallel_executor.executor.parallel:run_until_complete
[7.758s] INFO:colcon.colcon_ros.task.ament_cmake.build:Building ROS package in '/home/long/tracker_ws/src/tutorial_pkg' with build type 'ament_cmake'
[7.759s] INFO:colcon.colcon_cmake.task.cmake.build:Building CMake package in '/home/long/tracker_ws/src/tutorial_pkg'
[7.877s] INFO:colcon.colcon_core.plugin_system:Skipping extension 'colcon_core.shell.bat': Not used on non-Windows systems
[7.877s] INFO:colcon.colcon_core.shell:Skip shell extension 'powershell' for command environment: Not usable outside of PowerShell
[7.877s] DEBUG:colcon.colcon_core.shell:Skip shell extension 'dsv' for command environment
[8.224s] DEBUG:colcon.colcon_core.event_handler.log_command:Invoking command in '/home/long/tracker_ws/build/tutorial_pkg': CMAKE_PREFIX_PATH=${CMAKE_PREFIX_PATH}:/opt/ros/foxy /usr/bin/cmake --build /home/long/tracker_ws/build/tutorial_pkg -- -j4 -l4
[16.746s] DEBUG:colcon.colcon_core.event_handler.log_command:Invoked command in '/home/long/tracker_ws/build/tutorial_pkg' returned '0': CMAKE_PREFIX_PATH=${CMAKE_PREFIX_PATH}:/opt/ros/foxy /usr/bin/cmake --build /home/long/tracker_ws/build/tutorial_pkg -- -j4 -l4
[16.787s] DEBUG:colcon.colcon_core.event_handler.log_command:Invoking command in '/home/long/tracker_ws/build/tutorial_pkg': CMAKE_PREFIX_PATH=${CMAKE_PREFIX_PATH}:/opt/ros/foxy /usr/bin/cmake --install /home/long/tracker_ws/build/tutorial_pkg
[16.816s] Level 1:colcon.colcon_core.environment:create_environment_scripts_only(tutorial_pkg)
[16.817s] DEBUG:colcon.colcon_core.event_handler.log_command:Invoked command in '/home/long/tracker_ws/build/tutorial_pkg' returned '0': CMAKE_PREFIX_PATH=${CMAKE_PREFIX_PATH}:/opt/ros/foxy /usr/bin/cmake --install /home/long/tracker_ws/build/tutorial_pkg
[16.933s] Level 1:colcon.colcon_core.environment:checking '/home/long/tracker_ws/install/tutorial_pkg' for CMake module files
[16.933s] Level 1:colcon.colcon_core.environment:checking '/home/long/tracker_ws/install/tutorial_pkg' for CMake config files
[16.934s] Level 1:colcon.colcon_core.shell:create_environment_hook('tutorial_pkg', 'cmake_prefix_path')
[17.046s] INFO:colcon.colcon_core.shell:Creating environment hook '/home/long/tracker_ws/install/tutorial_pkg/share/tutorial_pkg/hook/cmake_prefix_path.ps1'
[17.047s] INFO:colcon.colcon_core.shell:Creating environment descriptor '/home/long/tracker_ws/install/tutorial_pkg/share/tutorial_pkg/hook/cmake_prefix_path.dsv'
[17.047s] INFO:colcon.colcon_core.shell:Creating environment hook '/home/long/tracker_ws/install/tutorial_pkg/share/tutorial_pkg/hook/cmake_prefix_path.sh'
[17.048s] Level 1:colcon.colcon_core.environment:checking '/home/long/tracker_ws/install/tutorial_pkg/lib'
[17.048s] Level 1:colcon.colcon_core.environment:checking '/home/long/tracker_ws/install/tutorial_pkg/bin'
[17.048s] Level 1:colcon.colcon_core.environment:checking '/home/long/tracker_ws/install/tutorial_pkg/lib/pkgconfig/tutorial_pkg.pc'
[17.049s] Level 1:colcon.colcon_core.environment:checking '/home/long/tracker_ws/install/tutorial_pkg/lib/python3.8/site-packages'
[17.049s] Level 1:colcon.colcon_core.environment:checking '/home/long/tracker_ws/install/tutorial_pkg/bin'
[17.159s] INFO:colcon.colcon_core.shell:Creating package script '/home/long/tracker_ws/install/tutorial_pkg/share/tutorial_pkg/package.ps1'
[17.160s] INFO:colcon.colcon_core.shell:Creating package descriptor '/home/long/tracker_ws/install/tutorial_pkg/share/tutorial_pkg/package.dsv'
[17.160s] INFO:colcon.colcon_core.shell:Creating package script '/home/long/tracker_ws/install/tutorial_pkg/share/tutorial_pkg/package.sh'
[17.161s] INFO:colcon.colcon_core.shell:Creating package script '/home/long/tracker_ws/install/tutorial_pkg/share/tutorial_pkg/package.bash'
[17.162s] INFO:colcon.colcon_core.shell:Creating package script '/home/long/tracker_ws/install/tutorial_pkg/share/tutorial_pkg/package.zsh'
[17.162s] Level 1:colcon.colcon_core.environment:create_file_with_runtime_dependencies(/home/long/tracker_ws/install/tutorial_pkg/share/colcon-core/packages/tutorial_pkg)
[17.301s] Level 1:colcon.colcon_core.environment:create_environment_scripts_only(tutorial_pkg)
[17.411s] Level 1:colcon.colcon_core.environment:checking '/home/long/tracker_ws/install/tutorial_pkg' for CMake module files
[17.412s] Level 1:colcon.colcon_core.environment:checking '/home/long/tracker_ws/install/tutorial_pkg' for CMake config files
[17.412s] Level 1:colcon.colcon_core.shell:create_environment_hook('tutorial_pkg', 'cmake_prefix_path')
[17.524s] INFO:colcon.colcon_core.shell:Creating environment hook '/home/long/tracker_ws/install/tutorial_pkg/share/tutorial_pkg/hook/cmake_prefix_path.ps1'
[17.524s] INFO:colcon.colcon_core.shell:Creating environment descriptor '/home/long/tracker_ws/install/tutorial_pkg/share/tutorial_pkg/hook/cmake_prefix_path.dsv'
[17.525s] INFO:colcon.colcon_core.shell:Creating environment hook '/home/long/tracker_ws/install/tutorial_pkg/share/tutorial_pkg/hook/cmake_prefix_path.sh'
[17.526s] Level 1:colcon.colcon_core.environment:checking '/home/long/tracker_ws/install/tutorial_pkg/lib'
[17.526s] Level 1:colcon.colcon_core.environment:checking '/home/long/tracker_ws/install/tutorial_pkg/bin'
[17.526s] Level 1:colcon.colcon_core.environment:checking '/home/long/tracker_ws/install/tutorial_pkg/lib/pkgconfig/tutorial_pkg.pc'
[17.526s] Level 1:colcon.colcon_core.environment:checking '/home/long/tracker_ws/install/tutorial_pkg/lib/python3.8/site-packages'
[17.526s] Level 1:colcon.colcon_core.environment:checking '/home/long/tracker_ws/install/tutorial_pkg/bin'
[17.640s] INFO:colcon.colcon_core.shell:Creating package script '/home/long/tracker_ws/install/tutorial_pkg/share/tutorial_pkg/package.ps1'
[17.640s] INFO:colcon.colcon_core.shell:Creating package descriptor '/home/long/tracker_ws/install/tutorial_pkg/share/tutorial_pkg/package.dsv'
[17.641s] INFO:colcon.colcon_core.shell:Creating package script '/home/long/tracker_ws/install/tutorial_pkg/share/tutorial_pkg/package.sh'
[17.641s] INFO:colcon.colcon_core.shell:Creating package script '/home/long/tracker_ws/install/tutorial_pkg/share/tutorial_pkg/package.bash'
[17.641s] INFO:colcon.colcon_core.shell:Creating package script '/home/long/tracker_ws/install/tutorial_pkg/share/tutorial_pkg/package.zsh'
[17.642s] Level 1:colcon.colcon_core.environment:create_file_with_runtime_dependencies(/home/long/tracker_ws/install/tutorial_pkg/share/colcon-core/packages/tutorial_pkg)
[17.642s] DEBUG:colcon.colcon_parallel_executor.executor.parallel:closing loop
[17.642s] DEBUG:colcon.colcon_parallel_executor.executor.parallel:loop closed
[17.643s] DEBUG:colcon.colcon_parallel_executor.executor.parallel:run_until_complete finished with '0'
[17.643s] DEBUG:colcon.colcon_core.event_reactor:joining thread
[17.761s] INFO:colcon.colcon_core.plugin_system:Skipping extension 'colcon_notification.desktop_notification.terminal_notifier': Not used on non-Darwin systems
[17.761s] INFO:colcon.colcon_core.plugin_system:Skipping extension 'colcon_notification.desktop_notification.win32': Not used on non-Windows systems
[17.761s] INFO:colcon.colcon_notification.desktop_notification:Sending desktop notification using 'notify2'
[17.776s] DEBUG:colcon.colcon_core.event_reactor:joined thread
[17.909s] INFO:colcon.colcon_core.shell:Creating prefix script '/home/long/tracker_ws/install/local_setup.ps1'
[17.910s] INFO:colcon.colcon_core.shell:Creating prefix util module '/home/long/tracker_ws/install/_local_setup_util_ps1.py'
[17.912s] INFO:colcon.colcon_core.shell:Creating prefix chain script '/home/long/tracker_ws/install/setup.ps1'
[18.025s] INFO:colcon.colcon_core.shell:Creating prefix script '/home/long/tracker_ws/install/local_setup.sh'
[18.025s] INFO:colcon.colcon_core.shell:Creating prefix util module '/home/long/tracker_ws/install/_local_setup_util_sh.py'
[18.026s] INFO:colcon.colcon_core.shell:Creating prefix chain script '/home/long/tracker_ws/install/setup.sh'
[18.140s] INFO:colcon.colcon_core.shell:Creating prefix script '/home/long/tracker_ws/install/local_setup.bash'
[18.141s] INFO:colcon.colcon_core.shell:Creating prefix chain script '/home/long/tracker_ws/install/setup.bash'
[18.250s] INFO:colcon.colcon_core.shell:Creating prefix script '/home/long/tracker_ws/install/local_setup.zsh'
[18.250s] INFO:colcon.colcon_core.shell:Creating prefix chain script '/home/long/tracker_ws/install/setup.zsh'
