[5.858s] DEBUG:colcon:Command line arguments: ['/usr/bin/colcon', 'build', '--packages-select', 'tutorial_pkg']
[5.858s] DEBUG:colcon:Parsed command line arguments: Namespace(allow_overriding=[], ament_cmake_args=None, base_paths=['.'], build_base='build', catkin_cmake_args=None, catkin_skip_building_tests=False, cmake_args=None, cmake_clean_cache=False, cmake_clean_first=False, cmake_force_configure=False, cmake_target=None, cmake_target_skip_unavailable=False, continue_on_error=False, event_handlers=None, executor='parallel', ignore_user_meta=False, install_base='install', log_base=None, log_level=None, main=<bound method BuildVerb.main of <colcon_core.verb.build.BuildVerb object at 0x7f6bdcd46dc0>>, merge_install=False, metas=['./colcon.meta'], packages_above=None, packages_above_and_dependencies=None, packages_above_depth=None, packages_end=None, packages_ignore=None, packages_ignore_regex=None, packages_select=['tutorial_pkg'], packages_select_build_failed=False, packages_select_by_dep=None, packages_select_regex=None, packages_select_test_failures=False, packages_skip=None, packages_skip_build_finished=False, packages_skip_by_dep=None, packages_skip_regex=None, packages_skip_test_passed=False, packages_skip_up_to=None, packages_start=None, packages_up_to=None, packages_up_to_regex=None, parallel_workers=4, paths=None, symlink_install=False, test_result_base=None, verb_extension=<colcon_core.verb.build.BuildVerb object at 0x7f6bdcd46dc0>, verb_name='build', verb_parser=<colcon_defaults.argument_parser.defaults.DefaultArgumentsDecorator object at 0x7f6bdca50ac0>)
[6.088s] Level 1:colcon.colcon_core.package_discovery:discover_packages(colcon_meta) check parameters
[6.088s] Level 1:colcon.colcon_core.package_discovery:discover_packages(recursive) check parameters
[6.088s] Level 1:colcon.colcon_core.package_discovery:discover_packages(ignore) check parameters
[6.088s] Level 1:colcon.colcon_core.package_discovery:discover_packages(path) check parameters
[6.088s] Level 1:colcon.colcon_core.package_discovery:discover_packages(colcon_meta) discover
[6.088s] Level 1:colcon.colcon_core.package_discovery:discover_packages(recursive) discover
[6.088s] INFO:colcon.colcon_core.package_discovery:Crawling recursively for packages in '/home/long/tracker_ws'
[6.088s] Level 1:colcon.colcon_core.package_identification:_identify(.) by extensions ['ignore', 'ignore_ament_install']
[6.088s] Level 1:colcon.colcon_core.package_identification:_identify(.) by extension 'ignore'
[6.088s] Level 1:colcon.colcon_core.package_identification:_identify(.) by extension 'ignore_ament_install'
[6.088s] Level 1:colcon.colcon_core.package_identification:_identify(.) by extensions ['colcon_pkg']
[6.088s] Level 1:colcon.colcon_core.package_identification:_identify(.) by extension 'colcon_pkg'
[6.088s] Level 1:colcon.colcon_core.package_identification:_identify(.) by extensions ['colcon_meta']
[6.088s] Level 1:colcon.colcon_core.package_identification:_identify(.) by extension 'colcon_meta'
[6.089s] Level 1:colcon.colcon_core.package_identification:_identify(.) by extensions ['ros']
[6.089s] Level 1:colcon.colcon_core.package_identification:_identify(.) by extension 'ros'
[6.099s] Level 1:colcon.colcon_core.package_identification:_identify(.) by extensions ['cmake', 'python']
[6.099s] Level 1:colcon.colcon_core.package_identification:_identify(.) by extension 'cmake'
[6.100s] Level 1:colcon.colcon_core.package_identification:_identify(.) by extension 'python'
[6.100s] Level 1:colcon.colcon_core.package_identification:_identify(.) by extensions ['python_setup_py']
[6.100s] Level 1:colcon.colcon_core.package_identification:_identify(.) by extension 'python_setup_py'
[6.100s] Level 1:colcon.colcon_core.package_identification:_identify(build) by extensions ['ignore', 'ignore_ament_install']
[6.100s] Level 1:colcon.colcon_core.package_identification:_identify(build) by extension 'ignore'
[6.100s] Level 1:colcon.colcon_core.package_identification:_identify(build) ignored
[6.100s] Level 1:colcon.colcon_core.package_identification:_identify(install) by extensions ['ignore', 'ignore_ament_install']
[6.100s] Level 1:colcon.colcon_core.package_identification:_identify(install) by extension 'ignore'
[6.100s] Level 1:colcon.colcon_core.package_identification:_identify(install) ignored
[6.100s] Level 1:colcon.colcon_core.package_identification:_identify(log) by extensions ['ignore', 'ignore_ament_install']
[6.100s] Level 1:colcon.colcon_core.package_identification:_identify(log) by extension 'ignore'
[6.100s] Level 1:colcon.colcon_core.package_identification:_identify(log) ignored
[6.100s] Level 1:colcon.colcon_core.package_identification:_identify(src) by extensions ['ignore', 'ignore_ament_install']
[6.101s] Level 1:colcon.colcon_core.package_identification:_identify(src) by extension 'ignore'
[6.101s] Level 1:colcon.colcon_core.package_identification:_identify(src) by extension 'ignore_ament_install'
[6.101s] Level 1:colcon.colcon_core.package_identification:_identify(src) by extensions ['colcon_pkg']
[6.101s] Level 1:colcon.colcon_core.package_identification:_identify(src) by extension 'colcon_pkg'
[6.101s] Level 1:colcon.colcon_core.package_identification:_identify(src) by extensions ['colcon_meta']
[6.101s] Level 1:colcon.colcon_core.package_identification:_identify(src) by extension 'colcon_meta'
[6.101s] Level 1:colcon.colcon_core.package_identification:_identify(src) by extensions ['ros']
[6.101s] Level 1:colcon.colcon_core.package_identification:_identify(src) by extension 'ros'
[6.101s] Level 1:colcon.colcon_core.package_identification:_identify(src) by extensions ['cmake', 'python']
[6.101s] Level 1:colcon.colcon_core.package_identification:_identify(src) by extension 'cmake'
[6.101s] Level 1:colcon.colcon_core.package_identification:_identify(src) by extension 'python'
[6.101s] Level 1:colcon.colcon_core.package_identification:_identify(src) by extensions ['python_setup_py']
[6.101s] Level 1:colcon.colcon_core.package_identification:_identify(src) by extension 'python_setup_py'
[6.101s] Level 1:colcon.colcon_core.package_identification:_identify(src/tutorial_pkg) by extensions ['ignore', 'ignore_ament_install']
[6.101s] Level 1:colcon.colcon_core.package_identification:_identify(src/tutorial_pkg) by extension 'ignore'
[6.101s] Level 1:colcon.colcon_core.package_identification:_identify(src/tutorial_pkg) by extension 'ignore_ament_install'
[6.101s] Level 1:colcon.colcon_core.package_identification:_identify(src/tutorial_pkg) by extensions ['colcon_pkg']
[6.101s] Level 1:colcon.colcon_core.package_identification:_identify(src/tutorial_pkg) by extension 'colcon_pkg'
[6.101s] Level 1:colcon.colcon_core.package_identification:_identify(src/tutorial_pkg) by extensions ['colcon_meta']
[6.101s] Level 1:colcon.colcon_core.package_identification:_identify(src/tutorial_pkg) by extension 'colcon_meta'
[6.101s] Level 1:colcon.colcon_core.package_identification:_identify(src/tutorial_pkg) by extensions ['ros']
[6.101s] Level 1:colcon.colcon_core.package_identification:_identify(src/tutorial_pkg) by extension 'ros'
[6.104s] DEBUG:colcon.colcon_core.package_identification:Package 'src/tutorial_pkg' with type 'ros.ament_cmake' and name 'tutorial_pkg'
[6.104s] Level 1:colcon.colcon_core.package_discovery:discover_packages(recursive) using defaults
[6.104s] Level 1:colcon.colcon_core.package_discovery:discover_packages(ignore) discover
[6.104s] Level 1:colcon.colcon_core.package_discovery:discover_packages(ignore) using defaults
[6.104s] Level 1:colcon.colcon_core.package_discovery:discover_packages(path) discover
[6.104s] Level 1:colcon.colcon_core.package_discovery:discover_packages(path) using defaults
[6.698s] Level 1:colcon.colcon_core.package_discovery:discover_packages(prefix_path) check parameters
[6.698s] Level 1:colcon.colcon_core.package_discovery:discover_packages(prefix_path) discover
[6.968s] DEBUG:colcon.colcon_installed_package_information.package_discovery:Found 1 installed packages in /home/long/tracker_ws/install
[7.089s] DEBUG:colcon.colcon_installed_package_information.package_discovery:Found 293 installed packages in /opt/ros/foxy
[7.090s] Level 1:colcon.colcon_core.package_discovery:discover_packages(prefix_path) using defaults
[7.389s] Level 5:colcon.colcon_core.verb:set package 'tutorial_pkg' build argument 'cmake_args' from command line to 'None'
[7.390s] Level 5:colcon.colcon_core.verb:set package 'tutorial_pkg' build argument 'cmake_target' from command line to 'None'
[7.390s] Level 5:colcon.colcon_core.verb:set package 'tutorial_pkg' build argument 'cmake_target_skip_unavailable' from command line to 'False'
[7.390s] Level 5:colcon.colcon_core.verb:set package 'tutorial_pkg' build argument 'cmake_clean_cache' from command line to 'False'
[7.390s] Level 5:colcon.colcon_core.verb:set package 'tutorial_pkg' build argument 'cmake_clean_first' from command line to 'False'
[7.390s] Level 5:colcon.colcon_core.verb:set package 'tutorial_pkg' build argument 'cmake_force_configure' from command line to 'False'
[7.390s] Level 5:colcon.colcon_core.verb:set package 'tutorial_pkg' build argument 'ament_cmake_args' from command line to 'None'
[7.390s] Level 5:colcon.colcon_core.verb:set package 'tutorial_pkg' build argument 'catkin_cmake_args' from command line to 'None'
[7.390s] Level 5:colcon.colcon_core.verb:set package 'tutorial_pkg' build argument 'catkin_skip_building_tests' from command line to 'False'
[7.390s] DEBUG:colcon.colcon_core.verb:Building package 'tutorial_pkg' with the following arguments: {'ament_cmake_args': None, 'build_base': '/home/long/tracker_ws/build/tutorial_pkg', 'catkin_cmake_args': None, 'catkin_skip_building_tests': False, 'cmake_args': None, 'cmake_clean_cache': False, 'cmake_clean_first': False, 'cmake_force_configure': False, 'cmake_target': None, 'cmake_target_skip_unavailable': False, 'install_base': '/home/long/tracker_ws/install/tutorial_pkg', 'merge_install': False, 'path': '/home/long/tracker_ws/src/tutorial_pkg', 'symlink_install': False, 'test_result_base': None}
[7.493s] INFO:colcon.colcon_core.executor:Executing jobs using 'parallel' executor
[7.597s] DEBUG:colcon.colcon_parallel_executor.executor.parallel:run_until_complete
[7.597s] INFO:colcon.colcon_ros.task.ament_cmake.build:Building ROS package in '/home/long/tracker_ws/src/tutorial_pkg' with build type 'ament_cmake'
[7.598s] INFO:colcon.colcon_cmake.task.cmake.build:Building CMake package in '/home/long/tracker_ws/src/tutorial_pkg'
[7.710s] INFO:colcon.colcon_core.plugin_system:Skipping extension 'colcon_core.shell.bat': Not used on non-Windows systems
[7.710s] INFO:colcon.colcon_core.shell:Skip shell extension 'powershell' for command environment: Not usable outside of PowerShell
[7.710s] DEBUG:colcon.colcon_core.shell:Skip shell extension 'dsv' for command environment
[8.042s] DEBUG:colcon.colcon_core.event_handler.log_command:Invoking command in '/home/long/tracker_ws/build/tutorial_pkg': CMAKE_PREFIX_PATH=${CMAKE_PREFIX_PATH}:/opt/ros/foxy /usr/bin/cmake --build /home/long/tracker_ws/build/tutorial_pkg -- -j4 -l4
[13.555s] DEBUG:colcon.colcon_core.event_handler.log_command:Invoked command in '/home/long/tracker_ws/build/tutorial_pkg' returned '0': CMAKE_PREFIX_PATH=${CMAKE_PREFIX_PATH}:/opt/ros/foxy /usr/bin/cmake --build /home/long/tracker_ws/build/tutorial_pkg -- -j4 -l4
[13.592s] DEBUG:colcon.colcon_core.event_handler.log_command:Invoking command in '/home/long/tracker_ws/build/tutorial_pkg': CMAKE_PREFIX_PATH=${CMAKE_PREFIX_PATH}:/opt/ros/foxy /usr/bin/cmake --install /home/long/tracker_ws/build/tutorial_pkg
[13.606s] Level 1:colcon.colcon_core.environment:create_environment_scripts_only(tutorial_pkg)
[13.607s] DEBUG:colcon.colcon_core.event_handler.log_command:Invoked command in '/home/long/tracker_ws/build/tutorial_pkg' returned '0': CMAKE_PREFIX_PATH=${CMAKE_PREFIX_PATH}:/opt/ros/foxy /usr/bin/cmake --install /home/long/tracker_ws/build/tutorial_pkg
[13.716s] Level 1:colcon.colcon_core.environment:checking '/home/long/tracker_ws/install/tutorial_pkg' for CMake module files
[13.717s] Level 1:colcon.colcon_core.environment:checking '/home/long/tracker_ws/install/tutorial_pkg' for CMake config files
[13.717s] Level 1:colcon.colcon_core.shell:create_environment_hook('tutorial_pkg', 'cmake_prefix_path')
[13.822s] INFO:colcon.colcon_core.shell:Creating environment hook '/home/long/tracker_ws/install/tutorial_pkg/share/tutorial_pkg/hook/cmake_prefix_path.ps1'
[13.823s] INFO:colcon.colcon_core.shell:Creating environment descriptor '/home/long/tracker_ws/install/tutorial_pkg/share/tutorial_pkg/hook/cmake_prefix_path.dsv'
[13.823s] INFO:colcon.colcon_core.shell:Creating environment hook '/home/long/tracker_ws/install/tutorial_pkg/share/tutorial_pkg/hook/cmake_prefix_path.sh'
[13.824s] Level 1:colcon.colcon_core.environment:checking '/home/long/tracker_ws/install/tutorial_pkg/lib'
[13.824s] Level 1:colcon.colcon_core.environment:checking '/home/long/tracker_ws/install/tutorial_pkg/bin'
[13.825s] Level 1:colcon.colcon_core.environment:checking '/home/long/tracker_ws/install/tutorial_pkg/lib/pkgconfig/tutorial_pkg.pc'
[13.825s] Level 1:colcon.colcon_core.environment:checking '/home/long/tracker_ws/install/tutorial_pkg/lib/python3.8/site-packages'
[13.825s] Level 1:colcon.colcon_core.environment:checking '/home/long/tracker_ws/install/tutorial_pkg/bin'
[13.929s] INFO:colcon.colcon_core.shell:Creating package script '/home/long/tracker_ws/install/tutorial_pkg/share/tutorial_pkg/package.ps1'
[13.930s] INFO:colcon.colcon_core.shell:Creating package descriptor '/home/long/tracker_ws/install/tutorial_pkg/share/tutorial_pkg/package.dsv'
[13.931s] INFO:colcon.colcon_core.shell:Creating package script '/home/long/tracker_ws/install/tutorial_pkg/share/tutorial_pkg/package.sh'
[13.931s] INFO:colcon.colcon_core.shell:Creating package script '/home/long/tracker_ws/install/tutorial_pkg/share/tutorial_pkg/package.bash'
[13.932s] INFO:colcon.colcon_core.shell:Creating package script '/home/long/tracker_ws/install/tutorial_pkg/share/tutorial_pkg/package.zsh'
[13.933s] Level 1:colcon.colcon_core.environment:create_file_with_runtime_dependencies(/home/long/tracker_ws/install/tutorial_pkg/share/colcon-core/packages/tutorial_pkg)
[14.067s] Level 1:colcon.colcon_core.environment:create_environment_scripts_only(tutorial_pkg)
[14.172s] Level 1:colcon.colcon_core.environment:checking '/home/long/tracker_ws/install/tutorial_pkg' for CMake module files
[14.172s] Level 1:colcon.colcon_core.environment:checking '/home/long/tracker_ws/install/tutorial_pkg' for CMake config files
[14.173s] Level 1:colcon.colcon_core.shell:create_environment_hook('tutorial_pkg', 'cmake_prefix_path')
[14.280s] INFO:colcon.colcon_core.shell:Creating environment hook '/home/long/tracker_ws/install/tutorial_pkg/share/tutorial_pkg/hook/cmake_prefix_path.ps1'
[14.281s] INFO:colcon.colcon_core.shell:Creating environment descriptor '/home/long/tracker_ws/install/tutorial_pkg/share/tutorial_pkg/hook/cmake_prefix_path.dsv'
[14.281s] INFO:colcon.colcon_core.shell:Creating environment hook '/home/long/tracker_ws/install/tutorial_pkg/share/tutorial_pkg/hook/cmake_prefix_path.sh'
[14.282s] Level 1:colcon.colcon_core.environment:checking '/home/long/tracker_ws/install/tutorial_pkg/lib'
[14.282s] Level 1:colcon.colcon_core.environment:checking '/home/long/tracker_ws/install/tutorial_pkg/bin'
[14.282s] Level 1:colcon.colcon_core.environment:checking '/home/long/tracker_ws/install/tutorial_pkg/lib/pkgconfig/tutorial_pkg.pc'
[14.282s] Level 1:colcon.colcon_core.environment:checking '/home/long/tracker_ws/install/tutorial_pkg/lib/python3.8/site-packages'
[14.282s] Level 1:colcon.colcon_core.environment:checking '/home/long/tracker_ws/install/tutorial_pkg/bin'
[14.389s] INFO:colcon.colcon_core.shell:Creating package script '/home/long/tracker_ws/install/tutorial_pkg/share/tutorial_pkg/package.ps1'
[14.389s] INFO:colcon.colcon_core.shell:Creating package descriptor '/home/long/tracker_ws/install/tutorial_pkg/share/tutorial_pkg/package.dsv'
[14.390s] INFO:colcon.colcon_core.shell:Creating package script '/home/long/tracker_ws/install/tutorial_pkg/share/tutorial_pkg/package.sh'
[14.390s] INFO:colcon.colcon_core.shell:Creating package script '/home/long/tracker_ws/install/tutorial_pkg/share/tutorial_pkg/package.bash'
[14.390s] INFO:colcon.colcon_core.shell:Creating package script '/home/long/tracker_ws/install/tutorial_pkg/share/tutorial_pkg/package.zsh'
[14.391s] Level 1:colcon.colcon_core.environment:create_file_with_runtime_dependencies(/home/long/tracker_ws/install/tutorial_pkg/share/colcon-core/packages/tutorial_pkg)
[14.391s] DEBUG:colcon.colcon_parallel_executor.executor.parallel:closing loop
[14.391s] DEBUG:colcon.colcon_parallel_executor.executor.parallel:loop closed
[14.391s] DEBUG:colcon.colcon_parallel_executor.executor.parallel:run_until_complete finished with '0'
[14.392s] DEBUG:colcon.colcon_core.event_reactor:joining thread
[14.510s] INFO:colcon.colcon_core.plugin_system:Skipping extension 'colcon_notification.desktop_notification.terminal_notifier': Not used on non-Darwin systems
[14.511s] INFO:colcon.colcon_core.plugin_system:Skipping extension 'colcon_notification.desktop_notification.win32': Not used on non-Windows systems
[14.511s] INFO:colcon.colcon_notification.desktop_notification:Sending desktop notification using 'notify2'
[14.526s] DEBUG:colcon.colcon_core.event_reactor:joined thread
[14.653s] INFO:colcon.colcon_core.shell:Creating prefix script '/home/long/tracker_ws/install/local_setup.ps1'
[14.654s] INFO:colcon.colcon_core.shell:Creating prefix util module '/home/long/tracker_ws/install/_local_setup_util_ps1.py'
[14.656s] INFO:colcon.colcon_core.shell:Creating prefix chain script '/home/long/tracker_ws/install/setup.ps1'
[14.765s] INFO:colcon.colcon_core.shell:Creating prefix script '/home/long/tracker_ws/install/local_setup.sh'
[14.765s] INFO:colcon.colcon_core.shell:Creating prefix util module '/home/long/tracker_ws/install/_local_setup_util_sh.py'
[14.766s] INFO:colcon.colcon_core.shell:Creating prefix chain script '/home/long/tracker_ws/install/setup.sh'
[14.870s] INFO:colcon.colcon_core.shell:Creating prefix script '/home/long/tracker_ws/install/local_setup.bash'
[14.870s] INFO:colcon.colcon_core.shell:Creating prefix chain script '/home/long/tracker_ws/install/setup.bash'
[14.975s] INFO:colcon.colcon_core.shell:Creating prefix script '/home/long/tracker_ws/install/local_setup.zsh'
[14.976s] INFO:colcon.colcon_core.shell:Creating prefix chain script '/home/long/tracker_ws/install/setup.zsh'
