-- The C compiler identification is GNU 9.4.0
-- The CXX compiler identification is GNU 9.4.0
-- Check for working C compiler: /usr/bin/cc
-- Check for working C compiler: /usr/bin/cc -- works
-- Detecting C compiler ABI info
-- Detecting C compiler ABI info - done
-- Detecting C compile features
-- Detecting C compile features - done
-- Check for working CXX compiler: /usr/bin/c++
-- Check for working CXX compiler: /usr/bin/c++ -- works
-- Detecting CXX compiler ABI info
-- Detecting CXX compiler ABI info - done
-- Detecting CXX compile features
-- Detecting CXX compile features - done
-- Found ament_cmake: 0.9.12 (/opt/ros/foxy/share/ament_cmake/cmake)
-- Found PythonInterp: /usr/bin/python3 (found suitable version "3.8.10", minimum required is "3") 
-- Using PYTHON_EXECUTABLE: /usr/bin/python3
-- Found rclcpp: 2.4.3 (/opt/ros/foxy/share/rclcpp/cmake)
-- Using all available rosidl_typesupport_c: rosidl_typesupport_fastrtps_c;rosidl_typesupport_introspection_c
-- Found rosidl_adapter: 1.3.1 (/opt/ros/foxy/share/rosidl_adapter/cmake)
-- Found OpenSSL: /usr/lib/x86_64-linux-gnu/libcrypto.so (found version "1.1.1f")  
-- Found FastRTPS: /opt/ros/foxy/include  
-- Using all available rosidl_typesupport_cpp: rosidl_typesupport_fastrtps_cpp;rosidl_typesupport_introspection_cpp
-- Found rmw_implementation_cmake: 1.0.4 (/opt/ros/foxy/share/rmw_implementation_cmake/cmake)
-- Using RMW implementation 'rmw_fastrtps_cpp' as default
-- Looking for pthread.h
-- Looking for pthread.h - found
-- Performing Test CMAKE_HAVE_LIBC_PTHREAD
-- Performing Test CMAKE_HAVE_LIBC_PTHREAD - Failed
-- Looking for pthread_create in pthreads
-- Looking for pthread_create in pthreads - not found
-- Looking for pthread_create in pthread
-- Looking for pthread_create in pthread - found
-- Found Threads: TRUE  
-- Configuring done
-- Generating done
-- Build files have been written to: /home/long/tracker_ws/build/tutorial_pkg
[35m[1mScanning dependencies of target my_first_node[0m
[ 50%] [32mBuilding CXX object CMakeFiles/my_first_node.dir/src/my_first_node.cpp.o[0m
[100%] [32m[1mLinking CXX executable my_first_node[0m
[100%] Built target my_first_node
-- Install configuration: ""
-- Installing: /home/long/tracker_ws/install/tutorial_pkg/lib/tutorial_pkg/my_first_node
-- Set runtime path of "/home/long/tracker_ws/install/tutorial_pkg/lib/tutorial_pkg/my_first_node" to ""
-- Installing: /home/long/tracker_ws/install/tutorial_pkg/share/ament_index/resource_index/package_run_dependencies/tutorial_pkg
-- Installing: /home/long/tracker_ws/install/tutorial_pkg/share/ament_index/resource_index/parent_prefix_path/tutorial_pkg
-- Installing: /home/long/tracker_ws/install/tutorial_pkg/share/tutorial_pkg/environment/ament_prefix_path.sh
-- Installing: /home/long/tracker_ws/install/tutorial_pkg/share/tutorial_pkg/environment/ament_prefix_path.dsv
-- Installing: /home/long/tracker_ws/install/tutorial_pkg/share/tutorial_pkg/environment/path.sh
-- Installing: /home/long/tracker_ws/install/tutorial_pkg/share/tutorial_pkg/environment/path.dsv
-- Installing: /home/long/tracker_ws/install/tutorial_pkg/share/tutorial_pkg/local_setup.bash
-- Installing: /home/long/tracker_ws/install/tutorial_pkg/share/tutorial_pkg/local_setup.sh
-- Installing: /home/long/tracker_ws/install/tutorial_pkg/share/tutorial_pkg/local_setup.zsh
-- Installing: /home/long/tracker_ws/install/tutorial_pkg/share/tutorial_pkg/local_setup.dsv
-- Installing: /home/long/tracker_ws/install/tutorial_pkg/share/tutorial_pkg/package.dsv
-- Installing: /home/long/tracker_ws/install/tutorial_pkg/share/ament_index/resource_index/packages/tutorial_pkg
-- Installing: /home/long/tracker_ws/install/tutorial_pkg/share/tutorial_pkg/cmake/tutorial_pkgConfig.cmake
-- Installing: /home/long/tracker_ws/install/tutorial_pkg/share/tutorial_pkg/cmake/tutorial_pkgConfig-version.cmake
-- Installing: /home/long/tracker_ws/install/tutorial_pkg/share/tutorial_pkg/package.xml
