[0.343s] Invoking command in '/home/long/tracker_ws/build/tutorial_pkg': CMAKE_PREFIX_PATH=/opt/ros/foxy /usr/bin/cmake /home/long/tracker_ws/src/tutorial_pkg -DCMAKE_INSTALL_PREFIX=/home/long/tracker_ws/install/tutorial_pkg
[0.401s] -- The C compiler identification is GNU 9.4.0
[0.459s] -- The CXX compiler identification is GNU 9.4.0
[0.464s] -- Check for working C compiler: /usr/bin/cc
[0.538s] -- Check for working C compiler: /usr/bin/cc -- works
[0.539s] -- Detecting C compiler ABI info
[0.612s] -- Detecting C compiler ABI info - done
[0.623s] -- Detecting C compile features
[0.624s] -- Detecting C compile features - done
[0.626s] -- Check for working CXX compiler: /usr/bin/c++
[0.708s] -- Check for working CXX compiler: /usr/bin/c++ -- works
[0.709s] -- Detecting CXX compiler ABI info
[0.791s] -- Detecting CXX compiler ABI info - done
[0.803s] -- Detecting CXX compile features
[0.804s] -- Detecting CXX compile features - done
[0.810s] -- Found ament_cmake: 0.9.12 (/opt/ros/foxy/share/ament_cmake/cmake)
[0.837s] -- Found PythonInterp: /usr/bin/python3 (found suitable version "3.8.10", minimum required is "3") 
[0.837s] -- Using PYTHON_EXECUTABLE: /usr/bin/python3
[1.055s] -- Found rclcpp: 2.4.3 (/opt/ros/foxy/share/rclcpp/cmake)
[1.108s] -- Using all available rosidl_typesupport_c: rosidl_typesupport_fastrtps_c;rosidl_typesupport_introspection_c
[1.116s] -- Found rosidl_adapter: 1.3.1 (/opt/ros/foxy/share/rosidl_adapter/cmake)
[1.211s] -- Found OpenSSL: /usr/lib/x86_64-linux-gnu/libcrypto.so (found version "1.1.1f")  
[1.243s] -- Found FastRTPS: /opt/ros/foxy/include  
[1.329s] -- Using all available rosidl_typesupport_cpp: rosidl_typesupport_fastrtps_cpp;rosidl_typesupport_introspection_cpp
[1.395s] -- Found rmw_implementation_cmake: 1.0.4 (/opt/ros/foxy/share/rmw_implementation_cmake/cmake)
[1.397s] -- Using RMW implementation 'rmw_fastrtps_cpp' as default
[1.398s] -- Looking for pthread.h
[1.477s] -- Looking for pthread.h - found
[1.477s] -- Performing Test CMAKE_HAVE_LIBC_PTHREAD
[1.555s] -- Performing Test CMAKE_HAVE_LIBC_PTHREAD - Failed
[1.556s] -- Looking for pthread_create in pthreads
[1.618s] -- Looking for pthread_create in pthreads - not found
[1.618s] -- Looking for pthread_create in pthread
[1.694s] -- Looking for pthread_create in pthread - found
[1.695s] -- Found Threads: TRUE  
[1.927s] -- Configuring done
[1.935s] -- Generating done
[1.936s] -- Build files have been written to: /home/long/tracker_ws/build/tutorial_pkg
[1.943s] Invoked command in '/home/long/tracker_ws/build/tutorial_pkg' returned '0': CMAKE_PREFIX_PATH=/opt/ros/foxy /usr/bin/cmake /home/long/tracker_ws/src/tutorial_pkg -DCMAKE_INSTALL_PREFIX=/home/long/tracker_ws/install/tutorial_pkg
[1.945s] Invoking command in '/home/long/tracker_ws/build/tutorial_pkg': CMAKE_PREFIX_PATH=/opt/ros/foxy /usr/bin/cmake --build /home/long/tracker_ws/build/tutorial_pkg -- -j4 -l4
[1.990s] [35m[1mScanning dependencies of target my_first_node[0m
[2.061s] [ 50%] [32mBuilding CXX object CMakeFiles/my_first_node.dir/src/my_first_node.cpp.o[0m
[4.056s] [100%] [32m[1mLinking CXX executable my_first_node[0m
[4.211s] [100%] Built target my_first_node
[4.225s] Invoked command in '/home/long/tracker_ws/build/tutorial_pkg' returned '0': CMAKE_PREFIX_PATH=/opt/ros/foxy /usr/bin/cmake --build /home/long/tracker_ws/build/tutorial_pkg -- -j4 -l4
[4.266s] Invoking command in '/home/long/tracker_ws/build/tutorial_pkg': CMAKE_PREFIX_PATH=/opt/ros/foxy /usr/bin/cmake --install /home/long/tracker_ws/build/tutorial_pkg
[4.277s] -- Install configuration: ""
[4.277s] -- Installing: /home/long/tracker_ws/install/tutorial_pkg/lib/tutorial_pkg/my_first_node
[4.278s] -- Set runtime path of "/home/long/tracker_ws/install/tutorial_pkg/lib/tutorial_pkg/my_first_node" to ""
[4.278s] -- Installing: /home/long/tracker_ws/install/tutorial_pkg/share/ament_index/resource_index/package_run_dependencies/tutorial_pkg
[4.278s] -- Installing: /home/long/tracker_ws/install/tutorial_pkg/share/ament_index/resource_index/parent_prefix_path/tutorial_pkg
[4.278s] -- Installing: /home/long/tracker_ws/install/tutorial_pkg/share/tutorial_pkg/environment/ament_prefix_path.sh
[4.278s] -- Installing: /home/long/tracker_ws/install/tutorial_pkg/share/tutorial_pkg/environment/ament_prefix_path.dsv
[4.278s] -- Installing: /home/long/tracker_ws/install/tutorial_pkg/share/tutorial_pkg/environment/path.sh
[4.279s] -- Installing: /home/long/tracker_ws/install/tutorial_pkg/share/tutorial_pkg/environment/path.dsv
[4.279s] -- Installing: /home/long/tracker_ws/install/tutorial_pkg/share/tutorial_pkg/local_setup.bash
[4.279s] -- Installing: /home/long/tracker_ws/install/tutorial_pkg/share/tutorial_pkg/local_setup.sh
[4.279s] -- Installing: /home/long/tracker_ws/install/tutorial_pkg/share/tutorial_pkg/local_setup.zsh
[4.279s] -- Installing: /home/long/tracker_ws/install/tutorial_pkg/share/tutorial_pkg/local_setup.dsv
[4.279s] -- Installing: /home/long/tracker_ws/install/tutorial_pkg/share/tutorial_pkg/package.dsv
[4.280s] -- Installing: /home/long/tracker_ws/install/tutorial_pkg/share/ament_index/resource_index/packages/tutorial_pkg
[4.280s] -- Installing: /home/long/tracker_ws/install/tutorial_pkg/share/tutorial_pkg/cmake/tutorial_pkgConfig.cmake
[4.280s] -- Installing: /home/long/tracker_ws/install/tutorial_pkg/share/tutorial_pkg/cmake/tutorial_pkgConfig-version.cmake
[4.280s] -- Installing: /home/long/tracker_ws/install/tutorial_pkg/share/tutorial_pkg/package.xml
[4.283s] Invoked command in '/home/long/tracker_ws/build/tutorial_pkg' returned '0': CMAKE_PREFIX_PATH=/opt/ros/foxy /usr/bin/cmake --install /home/long/tracker_ws/build/tutorial_pkg
