[7.156s] DEBUG:colcon:Command line arguments: ['/usr/bin/colcon', 'build']
[7.156s] DEBUG:colcon:Parsed command line arguments: Namespace(allow_overriding=[], ament_cmake_args=None, base_paths=['.'], build_base='build', catkin_cmake_args=None, catkin_skip_building_tests=False, cmake_args=None, cmake_clean_cache=False, cmake_clean_first=False, cmake_force_configure=False, cmake_target=None, cmake_target_skip_unavailable=False, continue_on_error=False, event_handlers=None, executor='parallel', ignore_user_meta=False, install_base='install', log_base=None, log_level=None, main=<bound method BuildVerb.main of <colcon_core.verb.build.BuildVerb object at 0x7fb703514dc0>>, merge_install=False, metas=['./colcon.meta'], packages_above=None, packages_above_and_dependencies=None, packages_above_depth=None, packages_end=None, packages_ignore=None, packages_ignore_regex=None, packages_select=None, packages_select_build_failed=False, packages_select_by_dep=None, packages_select_regex=None, packages_select_test_failures=False, packages_skip=None, packages_skip_build_finished=False, packages_skip_by_dep=None, packages_skip_regex=None, packages_skip_test_passed=False, packages_skip_up_to=None, packages_start=None, packages_up_to=None, packages_up_to_regex=None, parallel_workers=4, paths=None, symlink_install=False, test_result_base=None, verb_extension=<colcon_core.verb.build.BuildVerb object at 0x7fb703514dc0>, verb_name='build', verb_parser=<colcon_defaults.argument_parser.defaults.DefaultArgumentsDecorator object at 0x7fb7031ff250>)
[7.471s] Level 1:colcon.colcon_core.package_discovery:discover_packages(colcon_meta) check parameters
[7.471s] Level 1:colcon.colcon_core.package_discovery:discover_packages(recursive) check parameters
[7.471s] Level 1:colcon.colcon_core.package_discovery:discover_packages(ignore) check parameters
[7.471s] Level 1:colcon.colcon_core.package_discovery:discover_packages(path) check parameters
[7.471s] Level 1:colcon.colcon_core.package_discovery:discover_packages(colcon_meta) discover
[7.471s] Level 1:colcon.colcon_core.package_discovery:discover_packages(recursive) discover
[7.471s] INFO:colcon.colcon_core.package_discovery:Crawling recursively for packages in '/home/long/tracker_ws'
[7.471s] Level 1:colcon.colcon_core.package_identification:_identify(.) by extensions ['ignore', 'ignore_ament_install']
[7.472s] Level 1:colcon.colcon_core.package_identification:_identify(.) by extension 'ignore'
[7.472s] Level 1:colcon.colcon_core.package_identification:_identify(.) by extension 'ignore_ament_install'
[7.472s] Level 1:colcon.colcon_core.package_identification:_identify(.) by extensions ['colcon_pkg']
[7.472s] Level 1:colcon.colcon_core.package_identification:_identify(.) by extension 'colcon_pkg'
[7.472s] Level 1:colcon.colcon_core.package_identification:_identify(.) by extensions ['colcon_meta']
[7.472s] Level 1:colcon.colcon_core.package_identification:_identify(.) by extension 'colcon_meta'
[7.472s] Level 1:colcon.colcon_core.package_identification:_identify(.) by extensions ['ros']
[7.472s] Level 1:colcon.colcon_core.package_identification:_identify(.) by extension 'ros'
[7.492s] Level 1:colcon.colcon_core.package_identification:_identify(.) by extensions ['cmake', 'python']
[7.492s] Level 1:colcon.colcon_core.package_identification:_identify(.) by extension 'cmake'
[7.492s] Level 1:colcon.colcon_core.package_identification:_identify(.) by extension 'python'
[7.492s] Level 1:colcon.colcon_core.package_identification:_identify(.) by extensions ['python_setup_py']
[7.492s] Level 1:colcon.colcon_core.package_identification:_identify(.) by extension 'python_setup_py'
[7.492s] Level 1:colcon.colcon_core.package_identification:_identify(build) by extensions ['ignore', 'ignore_ament_install']
[7.492s] Level 1:colcon.colcon_core.package_identification:_identify(build) by extension 'ignore'
[7.492s] Level 1:colcon.colcon_core.package_identification:_identify(build) ignored
[7.493s] Level 1:colcon.colcon_core.package_identification:_identify(install) by extensions ['ignore', 'ignore_ament_install']
[7.493s] Level 1:colcon.colcon_core.package_identification:_identify(install) by extension 'ignore'
[7.493s] Level 1:colcon.colcon_core.package_identification:_identify(install) ignored
[7.493s] Level 1:colcon.colcon_core.package_identification:_identify(log) by extensions ['ignore', 'ignore_ament_install']
[7.493s] Level 1:colcon.colcon_core.package_identification:_identify(log) by extension 'ignore'
[7.493s] Level 1:colcon.colcon_core.package_identification:_identify(log) ignored
[7.493s] Level 1:colcon.colcon_core.package_identification:_identify(src) by extensions ['ignore', 'ignore_ament_install']
[7.493s] Level 1:colcon.colcon_core.package_identification:_identify(src) by extension 'ignore'
[7.493s] Level 1:colcon.colcon_core.package_identification:_identify(src) by extension 'ignore_ament_install'
[7.493s] Level 1:colcon.colcon_core.package_identification:_identify(src) by extensions ['colcon_pkg']
[7.493s] Level 1:colcon.colcon_core.package_identification:_identify(src) by extension 'colcon_pkg'
[7.493s] Level 1:colcon.colcon_core.package_identification:_identify(src) by extensions ['colcon_meta']
[7.493s] Level 1:colcon.colcon_core.package_identification:_identify(src) by extension 'colcon_meta'
[7.493s] Level 1:colcon.colcon_core.package_identification:_identify(src) by extensions ['ros']
[7.493s] Level 1:colcon.colcon_core.package_identification:_identify(src) by extension 'ros'
[7.494s] Level 1:colcon.colcon_core.package_identification:_identify(src) by extensions ['cmake', 'python']
[7.494s] Level 1:colcon.colcon_core.package_identification:_identify(src) by extension 'cmake'
[7.494s] Level 1:colcon.colcon_core.package_identification:_identify(src) by extension 'python'
[7.494s] Level 1:colcon.colcon_core.package_identification:_identify(src) by extensions ['python_setup_py']
[7.494s] Level 1:colcon.colcon_core.package_identification:_identify(src) by extension 'python_setup_py'
[7.494s] Level 1:colcon.colcon_core.package_identification:_identify(src/tutorial_pkg) by extensions ['ignore', 'ignore_ament_install']
[7.494s] Level 1:colcon.colcon_core.package_identification:_identify(src/tutorial_pkg) by extension 'ignore'
[7.494s] Level 1:colcon.colcon_core.package_identification:_identify(src/tutorial_pkg) by extension 'ignore_ament_install'
[7.494s] Level 1:colcon.colcon_core.package_identification:_identify(src/tutorial_pkg) by extensions ['colcon_pkg']
[7.494s] Level 1:colcon.colcon_core.package_identification:_identify(src/tutorial_pkg) by extension 'colcon_pkg'
[7.494s] Level 1:colcon.colcon_core.package_identification:_identify(src/tutorial_pkg) by extensions ['colcon_meta']
[7.494s] Level 1:colcon.colcon_core.package_identification:_identify(src/tutorial_pkg) by extension 'colcon_meta'
[7.494s] Level 1:colcon.colcon_core.package_identification:_identify(src/tutorial_pkg) by extensions ['ros']
[7.494s] Level 1:colcon.colcon_core.package_identification:_identify(src/tutorial_pkg) by extension 'ros'
[7.497s] DEBUG:colcon.colcon_core.package_identification:Package 'src/tutorial_pkg' with type 'ros.ament_cmake' and name 'tutorial_pkg'
[7.497s] Level 1:colcon.colcon_core.package_discovery:discover_packages(recursive) using defaults
[7.497s] Level 1:colcon.colcon_core.package_discovery:discover_packages(ignore) discover
[7.497s] Level 1:colcon.colcon_core.package_discovery:discover_packages(ignore) using defaults
[7.497s] Level 1:colcon.colcon_core.package_discovery:discover_packages(path) discover
[7.497s] Level 1:colcon.colcon_core.package_discovery:discover_packages(path) using defaults
[8.263s] Level 1:colcon.colcon_core.package_discovery:discover_packages(prefix_path) check parameters
[8.263s] Level 1:colcon.colcon_core.package_discovery:discover_packages(prefix_path) discover
[8.663s] DEBUG:colcon.colcon_installed_package_information.package_discovery:Found 1 installed packages in /home/long/tracker_ws/install
[8.827s] DEBUG:colcon.colcon_installed_package_information.package_discovery:Found 293 installed packages in /opt/ros/foxy
[8.828s] Level 1:colcon.colcon_core.package_discovery:discover_packages(prefix_path) using defaults
[9.160s] Level 5:colcon.colcon_core.verb:set package 'tutorial_pkg' build argument 'cmake_args' from command line to 'None'
[9.160s] Level 5:colcon.colcon_core.verb:set package 'tutorial_pkg' build argument 'cmake_target' from command line to 'None'
[9.160s] Level 5:colcon.colcon_core.verb:set package 'tutorial_pkg' build argument 'cmake_target_skip_unavailable' from command line to 'False'
[9.160s] Level 5:colcon.colcon_core.verb:set package 'tutorial_pkg' build argument 'cmake_clean_cache' from command line to 'False'
[9.160s] Level 5:colcon.colcon_core.verb:set package 'tutorial_pkg' build argument 'cmake_clean_first' from command line to 'False'
[9.160s] Level 5:colcon.colcon_core.verb:set package 'tutorial_pkg' build argument 'cmake_force_configure' from command line to 'False'
[9.160s] Level 5:colcon.colcon_core.verb:set package 'tutorial_pkg' build argument 'ament_cmake_args' from command line to 'None'
[9.160s] Level 5:colcon.colcon_core.verb:set package 'tutorial_pkg' build argument 'catkin_cmake_args' from command line to 'None'
[9.160s] Level 5:colcon.colcon_core.verb:set package 'tutorial_pkg' build argument 'catkin_skip_building_tests' from command line to 'False'
[9.160s] DEBUG:colcon.colcon_core.verb:Building package 'tutorial_pkg' with the following arguments: {'ament_cmake_args': None, 'build_base': '/home/long/tracker_ws/build/tutorial_pkg', 'catkin_cmake_args': None, 'catkin_skip_building_tests': False, 'cmake_args': None, 'cmake_clean_cache': False, 'cmake_clean_first': False, 'cmake_force_configure': False, 'cmake_target': None, 'cmake_target_skip_unavailable': False, 'install_base': '/home/long/tracker_ws/install/tutorial_pkg', 'merge_install': False, 'path': '/home/long/tracker_ws/src/tutorial_pkg', 'symlink_install': False, 'test_result_base': None}
[9.281s] INFO:colcon.colcon_core.executor:Executing jobs using 'parallel' executor
[9.403s] DEBUG:colcon.colcon_parallel_executor.executor.parallel:run_until_complete
[9.403s] INFO:colcon.colcon_ros.task.ament_cmake.build:Building ROS package in '/home/long/tracker_ws/src/tutorial_pkg' with build type 'ament_cmake'
[9.403s] INFO:colcon.colcon_cmake.task.cmake.build:Building CMake package in '/home/long/tracker_ws/src/tutorial_pkg'
[9.582s] INFO:colcon.colcon_core.plugin_system:Skipping extension 'colcon_core.shell.bat': Not used on non-Windows systems
[9.582s] INFO:colcon.colcon_core.shell:Skip shell extension 'powershell' for command environment: Not usable outside of PowerShell
[9.582s] DEBUG:colcon.colcon_core.shell:Skip shell extension 'dsv' for command environment
[10.065s] DEBUG:colcon.colcon_core.event_handler.log_command:Invoking command in '/home/long/tracker_ws/build/tutorial_pkg': CMAKE_PREFIX_PATH=${CMAKE_PREFIX_PATH}:/opt/ros/foxy /usr/bin/cmake --build /home/long/tracker_ws/build/tutorial_pkg -- -j4 -l4
[13.788s] DEBUG:colcon.colcon_core.event_handler.log_command:Invoked command in '/home/long/tracker_ws/build/tutorial_pkg' returned '2': CMAKE_PREFIX_PATH=${CMAKE_PREFIX_PATH}:/opt/ros/foxy /usr/bin/cmake --build /home/long/tracker_ws/build/tutorial_pkg -- -j4 -l4
[13.965s] Level 1:colcon.colcon_core.environment:create_environment_scripts_only(tutorial_pkg)
[14.115s] Level 1:colcon.colcon_core.environment:checking '/home/long/tracker_ws/install/tutorial_pkg' for CMake module files
[14.116s] Level 1:colcon.colcon_core.environment:checking '/home/long/tracker_ws/install/tutorial_pkg' for CMake config files
[14.116s] Level 1:colcon.colcon_core.shell:create_environment_hook('tutorial_pkg', 'cmake_prefix_path')
[14.245s] INFO:colcon.colcon_core.shell:Creating environment hook '/home/long/tracker_ws/install/tutorial_pkg/share/tutorial_pkg/hook/cmake_prefix_path.ps1'
[14.246s] INFO:colcon.colcon_core.shell:Creating environment descriptor '/home/long/tracker_ws/install/tutorial_pkg/share/tutorial_pkg/hook/cmake_prefix_path.dsv'
[14.247s] INFO:colcon.colcon_core.shell:Creating environment hook '/home/long/tracker_ws/install/tutorial_pkg/share/tutorial_pkg/hook/cmake_prefix_path.sh'
[14.248s] Level 1:colcon.colcon_core.environment:checking '/home/long/tracker_ws/install/tutorial_pkg/lib'
[14.248s] Level 1:colcon.colcon_core.environment:checking '/home/long/tracker_ws/install/tutorial_pkg/bin'
[14.248s] Level 1:colcon.colcon_core.environment:checking '/home/long/tracker_ws/install/tutorial_pkg/lib/pkgconfig/tutorial_pkg.pc'
[14.248s] Level 1:colcon.colcon_core.environment:checking '/home/long/tracker_ws/install/tutorial_pkg/lib/python3.8/site-packages'
[14.249s] Level 1:colcon.colcon_core.environment:checking '/home/long/tracker_ws/install/tutorial_pkg/bin'
[14.448s] INFO:colcon.colcon_core.shell:Creating package script '/home/long/tracker_ws/install/tutorial_pkg/share/tutorial_pkg/package.ps1'
[14.449s] INFO:colcon.colcon_core.shell:Creating package descriptor '/home/long/tracker_ws/install/tutorial_pkg/share/tutorial_pkg/package.dsv'
[14.450s] INFO:colcon.colcon_core.shell:Creating package script '/home/long/tracker_ws/install/tutorial_pkg/share/tutorial_pkg/package.sh'
[14.450s] INFO:colcon.colcon_core.shell:Creating package script '/home/long/tracker_ws/install/tutorial_pkg/share/tutorial_pkg/package.bash'
[14.451s] INFO:colcon.colcon_core.shell:Creating package script '/home/long/tracker_ws/install/tutorial_pkg/share/tutorial_pkg/package.zsh'
[14.452s] Level 1:colcon.colcon_core.environment:create_file_with_runtime_dependencies(/home/long/tracker_ws/install/tutorial_pkg/share/colcon-core/packages/tutorial_pkg)
[14.462s] DEBUG:colcon.colcon_parallel_executor.executor.parallel:closing loop
[14.463s] DEBUG:colcon.colcon_parallel_executor.executor.parallel:loop closed
[14.463s] DEBUG:colcon.colcon_parallel_executor.executor.parallel:run_until_complete finished with '2'
[14.463s] DEBUG:colcon.colcon_core.event_reactor:joining thread
[14.595s] INFO:colcon.colcon_core.plugin_system:Skipping extension 'colcon_notification.desktop_notification.terminal_notifier': Not used on non-Darwin systems
[14.595s] INFO:colcon.colcon_core.plugin_system:Skipping extension 'colcon_notification.desktop_notification.win32': Not used on non-Windows systems
[14.595s] INFO:colcon.colcon_notification.desktop_notification:Sending desktop notification using 'notify2'
[14.619s] DEBUG:colcon.colcon_core.event_reactor:joined thread
[14.770s] INFO:colcon.colcon_core.shell:Creating prefix script '/home/long/tracker_ws/install/local_setup.ps1'
[14.770s] INFO:colcon.colcon_core.shell:Creating prefix util module '/home/long/tracker_ws/install/_local_setup_util_ps1.py'
[14.772s] INFO:colcon.colcon_core.shell:Creating prefix chain script '/home/long/tracker_ws/install/setup.ps1'
[14.901s] INFO:colcon.colcon_core.shell:Creating prefix script '/home/long/tracker_ws/install/local_setup.sh'
[14.901s] INFO:colcon.colcon_core.shell:Creating prefix util module '/home/long/tracker_ws/install/_local_setup_util_sh.py'
[14.902s] INFO:colcon.colcon_core.shell:Creating prefix chain script '/home/long/tracker_ws/install/setup.sh'
[15.021s] INFO:colcon.colcon_core.shell:Creating prefix script '/home/long/tracker_ws/install/local_setup.bash'
[15.021s] INFO:colcon.colcon_core.shell:Creating prefix chain script '/home/long/tracker_ws/install/setup.bash'
[15.134s] INFO:colcon.colcon_core.shell:Creating prefix script '/home/long/tracker_ws/install/local_setup.zsh'
[15.135s] INFO:colcon.colcon_core.shell:Creating prefix chain script '/home/long/tracker_ws/install/setup.zsh'
