-- Found ament_cmake: 0.9.12 (/opt/ros/foxy/share/ament_cmake/cmake)
-- Using PYTHON_EXECUTABLE: /usr/bin/python3
-- Found rclcpp: 2.4.3 (/opt/ros/foxy/share/rclcpp/cmake)
-- Using all available rosidl_typesupport_c: rosidl_typesupport_fastrtps_c;rosidl_typesupport_introspection_c
-- Found rosidl_adapter: 1.3.1 (/opt/ros/foxy/share/rosidl_adapter/cmake)
-- Using all available rosidl_typesupport_cpp: rosidl_typesupport_fastrtps_cpp;rosidl_typesupport_introspection_cpp
-- Found rmw_implementation_cmake: 1.0.4 (/opt/ros/foxy/share/rmw_implementation_cmake/cmake)
-- Using RMW implementation 'rmw_fastrtps_cpp' as default
-- Found sensor_msgs: 2.0.5 (/opt/ros/foxy/share/sensor_msgs/cmake)
-- Configuring done
-- Generating done
-- Build files have been written to: /home/long/tracker_ws/build/tutorial_pkg
[ 50%] [32m[1mLinking CXX executable my_first_node[0m
[100%] Built target my_first_node
-- Install configuration: ""
-- Installing: /home/long/tracker_ws/install/tutorial_pkg/lib/tutorial_pkg/my_first_node
-- Set runtime path of "/home/long/tracker_ws/install/tutorial_pkg/lib/tutorial_pkg/my_first_node" to ""
-- Up-to-date: /home/long/tracker_ws/install/tutorial_pkg/share/ament_index/resource_index/package_run_dependencies/tutorial_pkg
-- Installing: /home/long/tracker_ws/install/tutorial_pkg/share/ament_index/resource_index/parent_prefix_path/tutorial_pkg
-- Up-to-date: /home/long/tracker_ws/install/tutorial_pkg/share/tutorial_pkg/environment/ament_prefix_path.sh
-- Installing: /home/long/tracker_ws/install/tutorial_pkg/share/tutorial_pkg/environment/ament_prefix_path.dsv
-- Up-to-date: /home/long/tracker_ws/install/tutorial_pkg/share/tutorial_pkg/environment/path.sh
-- Installing: /home/long/tracker_ws/install/tutorial_pkg/share/tutorial_pkg/environment/path.dsv
-- Up-to-date: /home/long/tracker_ws/install/tutorial_pkg/share/tutorial_pkg/local_setup.bash
-- Up-to-date: /home/long/tracker_ws/install/tutorial_pkg/share/tutorial_pkg/local_setup.sh
-- Up-to-date: /home/long/tracker_ws/install/tutorial_pkg/share/tutorial_pkg/local_setup.zsh
-- Installing: /home/long/tracker_ws/install/tutorial_pkg/share/tutorial_pkg/local_setup.dsv
-- Installing: /home/long/tracker_ws/install/tutorial_pkg/share/tutorial_pkg/package.dsv
-- Up-to-date: /home/long/tracker_ws/install/tutorial_pkg/share/ament_index/resource_index/packages/tutorial_pkg
-- Up-to-date: /home/long/tracker_ws/install/tutorial_pkg/share/tutorial_pkg/cmake/tutorial_pkgConfig.cmake
-- Up-to-date: /home/long/tracker_ws/install/tutorial_pkg/share/tutorial_pkg/cmake/tutorial_pkgConfig-version.cmake
-- Up-to-date: /home/long/tracker_ws/install/tutorial_pkg/share/tutorial_pkg/package.xml
