[0.448s] Invoking command in '/home/long/tracker_ws/build/tutorial_pkg': CMAKE_PREFIX_PATH=${CMAKE_PREFIX_PATH}:/opt/ros/foxy /usr/bin/cmake --build /home/long/tracker_ws/build/tutorial_pkg -- -j4 -l4
[0.476s] -- Found ament_cmake: 0.9.12 (/opt/ros/foxy/share/ament_cmake/cmake)
[0.498s] -- Using PYTHON_EXECUTABLE: /usr/bin/python3
[0.691s] -- Found rclcpp: 2.4.3 (/opt/ros/foxy/share/rclcpp/cmake)
[0.726s] -- Using all available rosidl_typesupport_c: rosidl_typesupport_fastrtps_c;rosidl_typesupport_introspection_c
[0.730s] -- Found rosidl_adapter: 1.3.1 (/opt/ros/foxy/share/rosidl_adapter/cmake)
[0.855s] -- Using all available rosidl_typesupport_cpp: rosidl_typesupport_fastrtps_cpp;rosidl_typesupport_introspection_cpp
[0.906s] -- Found rmw_implementation_cmake: 1.0.4 (/opt/ros/foxy/share/rmw_implementation_cmake/cmake)
[0.907s] -- Using RMW implementation 'rmw_fastrtps_cpp' as default
[1.059s] -- Found sensor_msgs: 2.0.5 (/opt/ros/foxy/share/sensor_msgs/cmake)
[1.246s] -- Configuring done
[1.254s] -- Generating done
[1.256s] -- Build files have been written to: /home/long/tracker_ws/build/tutorial_pkg
[1.303s] [ 50%] [32m[1mLinking CXX executable my_first_node[0m
[1.445s] [100%] Built target my_first_node
[1.457s] Invoked command in '/home/long/tracker_ws/build/tutorial_pkg' returned '0': CMAKE_PREFIX_PATH=${CMAKE_PREFIX_PATH}:/opt/ros/foxy /usr/bin/cmake --build /home/long/tracker_ws/build/tutorial_pkg -- -j4 -l4
[1.495s] Invoking command in '/home/long/tracker_ws/build/tutorial_pkg': CMAKE_PREFIX_PATH=${CMAKE_PREFIX_PATH}:/opt/ros/foxy /usr/bin/cmake --install /home/long/tracker_ws/build/tutorial_pkg
[1.503s] -- Install configuration: ""
[1.504s] -- Installing: /home/long/tracker_ws/install/tutorial_pkg/lib/tutorial_pkg/my_first_node
[1.504s] -- Set runtime path of "/home/long/tracker_ws/install/tutorial_pkg/lib/tutorial_pkg/my_first_node" to ""
[1.504s] -- Up-to-date: /home/long/tracker_ws/install/tutorial_pkg/share/ament_index/resource_index/package_run_dependencies/tutorial_pkg
[1.504s] -- Installing: /home/long/tracker_ws/install/tutorial_pkg/share/ament_index/resource_index/parent_prefix_path/tutorial_pkg
[1.504s] -- Up-to-date: /home/long/tracker_ws/install/tutorial_pkg/share/tutorial_pkg/environment/ament_prefix_path.sh
[1.505s] -- Installing: /home/long/tracker_ws/install/tutorial_pkg/share/tutorial_pkg/environment/ament_prefix_path.dsv
[1.505s] -- Up-to-date: /home/long/tracker_ws/install/tutorial_pkg/share/tutorial_pkg/environment/path.sh
[1.505s] -- Installing: /home/long/tracker_ws/install/tutorial_pkg/share/tutorial_pkg/environment/path.dsv
[1.505s] -- Up-to-date: /home/long/tracker_ws/install/tutorial_pkg/share/tutorial_pkg/local_setup.bash
[1.505s] -- Up-to-date: /home/long/tracker_ws/install/tutorial_pkg/share/tutorial_pkg/local_setup.sh
[1.505s] -- Up-to-date: /home/long/tracker_ws/install/tutorial_pkg/share/tutorial_pkg/local_setup.zsh
[1.505s] -- Installing: /home/long/tracker_ws/install/tutorial_pkg/share/tutorial_pkg/local_setup.dsv
[1.506s] -- Installing: /home/long/tracker_ws/install/tutorial_pkg/share/tutorial_pkg/package.dsv
[1.506s] -- Up-to-date: /home/long/tracker_ws/install/tutorial_pkg/share/ament_index/resource_index/packages/tutorial_pkg
[1.506s] -- Up-to-date: /home/long/tracker_ws/install/tutorial_pkg/share/tutorial_pkg/cmake/tutorial_pkgConfig.cmake
[1.506s] -- Up-to-date: /home/long/tracker_ws/install/tutorial_pkg/share/tutorial_pkg/cmake/tutorial_pkgConfig-version.cmake
[1.506s] -- Up-to-date: /home/long/tracker_ws/install/tutorial_pkg/share/tutorial_pkg/package.xml
[1.508s] Invoked command in '/home/long/tracker_ws/build/tutorial_pkg' returned '0': CMAKE_PREFIX_PATH=${CMAKE_PREFIX_PATH}:/opt/ros/foxy /usr/bin/cmake --install /home/long/tracker_ws/build/tutorial_pkg
