[0.445s] Invoking command in '/home/long/tracker_ws/build/tutorial_pkg': CMAKE_PREFIX_PATH=${CMAKE_PREFIX_PATH}:/opt/ros/foxy /usr/bin/cmake --build /home/long/tracker_ws/build/tutorial_pkg -- -j4 -l4
[0.489s] [35m[1mScanning dependencies of target my_first_node[0m
[0.518s] [ 50%] [32mBuilding CXX object CMakeFiles/my_first_node.dir/src/my_first_node.cpp.o[0m
[1.847s] [01m[K/home/long/tracker_ws/src/tutorial_pkg/src/my_first_node.cpp:[m[K In member function ‘[01m[Kvoid MyNode::counter_callback(std_srvs::srv::Trigger_Request_<std::allocator<void> >::SharedPtr, std_srvs::srv::Trigger_Response_<std::allocator<void> >::SharedPtr)[m[K’:
[1.847s] [01m[K/home/long/tracker_ws/src/tutorial_pkg/src/my_first_node.cpp:63:75:[m[K [01;35m[Kwarning: [m[Kunused parameter ‘[01m[Kreq[m[K’ [[01;35m[K-Wunused-parameter[m[K]
[1.847s]    63 |    void counter_callback([01;35m[Kconst std_srvs::srv::Trigger::Request::SharedPtr req[m[K,
[1.847s]       |                          [01;35m[K~~~~~~~~~~~~~~~~~~~~~~~~~~~~~~~~~~~~~~~~~~~~~~~~~^~~[m[K
[7.154s] [100%] [32m[1mLinking CXX executable my_first_node[0m
[7.510s] [100%] Built target my_first_node
[7.522s] Invoked command in '/home/long/tracker_ws/build/tutorial_pkg' returned '0': CMAKE_PREFIX_PATH=${CMAKE_PREFIX_PATH}:/opt/ros/foxy /usr/bin/cmake --build /home/long/tracker_ws/build/tutorial_pkg -- -j4 -l4
[7.561s] Invoking command in '/home/long/tracker_ws/build/tutorial_pkg': CMAKE_PREFIX_PATH=${CMAKE_PREFIX_PATH}:/opt/ros/foxy /usr/bin/cmake --install /home/long/tracker_ws/build/tutorial_pkg
[7.570s] -- Install configuration: ""
[7.571s] -- Execute custom install script
[7.571s] -- Up-to-date symlink: /home/long/tracker_ws/install/tutorial_pkg/lib/tutorial_pkg/my_first_node
[7.572s] -- Up-to-date symlink: /home/long/tracker_ws/install/tutorial_pkg/share/tutorial_pkg/launch/my_launch_file.launch.py
[7.572s] -- Up-to-date symlink: /home/long/tracker_ws/install/tutorial_pkg/share/ament_index/resource_index/package_run_dependencies/tutorial_pkg
[7.572s] -- Up-to-date symlink: /home/long/tracker_ws/install/tutorial_pkg/share/ament_index/resource_index/parent_prefix_path/tutorial_pkg
[7.573s] -- Up-to-date symlink: /home/long/tracker_ws/install/tutorial_pkg/share/tutorial_pkg/environment/ament_prefix_path.sh
[7.573s] -- Up-to-date symlink: /home/long/tracker_ws/install/tutorial_pkg/share/tutorial_pkg/environment/ament_prefix_path.dsv
[7.573s] -- Up-to-date symlink: /home/long/tracker_ws/install/tutorial_pkg/share/tutorial_pkg/environment/path.sh
[7.573s] -- Up-to-date symlink: /home/long/tracker_ws/install/tutorial_pkg/share/tutorial_pkg/environment/path.dsv
[7.574s] -- Up-to-date symlink: /home/long/tracker_ws/install/tutorial_pkg/share/tutorial_pkg/local_setup.bash
[7.574s] -- Up-to-date symlink: /home/long/tracker_ws/install/tutorial_pkg/share/tutorial_pkg/local_setup.sh
[7.574s] -- Up-to-date symlink: /home/long/tracker_ws/install/tutorial_pkg/share/tutorial_pkg/local_setup.zsh
[7.575s] -- Up-to-date symlink: /home/long/tracker_ws/install/tutorial_pkg/share/tutorial_pkg/local_setup.dsv
[7.575s] -- Symlinking: /home/long/tracker_ws/install/tutorial_pkg/share/tutorial_pkg/package.dsv
[7.585s] -- Up-to-date symlink: /home/long/tracker_ws/install/tutorial_pkg/share/ament_index/resource_index/packages/tutorial_pkg
[7.585s] -- Up-to-date symlink: /home/long/tracker_ws/install/tutorial_pkg/share/tutorial_pkg/cmake/tutorial_pkgConfig.cmake
[7.586s] -- Up-to-date symlink: /home/long/tracker_ws/install/tutorial_pkg/share/tutorial_pkg/cmake/tutorial_pkgConfig-version.cmake
[7.586s] -- Up-to-date symlink: /home/long/tracker_ws/install/tutorial_pkg/share/tutorial_pkg/package.xml
[7.588s] Invoked command in '/home/long/tracker_ws/build/tutorial_pkg' returned '0': CMAKE_PREFIX_PATH=${CMAKE_PREFIX_PATH}:/opt/ros/foxy /usr/bin/cmake --install /home/long/tracker_ws/build/tutorial_pkg
