[5.849s] DEBUG:colcon:Command line arguments: ['/usr/bin/colcon', 'build']
[5.849s] DEBUG:colcon:Parsed command line arguments: Namespace(allow_overriding=[], ament_cmake_args=None, base_paths=['.'], build_base='build', catkin_cmake_args=None, catkin_skip_building_tests=False, cmake_args=None, cmake_clean_cache=False, cmake_clean_first=False, cmake_force_configure=False, cmake_target=None, cmake_target_skip_unavailable=False, continue_on_error=False, event_handlers=None, executor='parallel', ignore_user_meta=False, install_base='install', log_base=None, log_level=None, main=<bound method BuildVerb.main of <colcon_core.verb.build.BuildVerb object at 0x7f3b38095dc0>>, merge_install=False, metas=['./colcon.meta'], packages_above=None, packages_above_and_dependencies=None, packages_above_depth=None, packages_end=None, packages_ignore=None, packages_ignore_regex=None, packages_select=None, packages_select_build_failed=False, packages_select_by_dep=None, packages_select_regex=None, packages_select_test_failures=False, packages_skip=None, packages_skip_build_finished=False, packages_skip_by_dep=None, packages_skip_regex=None, packages_skip_test_passed=False, packages_skip_up_to=None, packages_start=None, packages_up_to=None, packages_up_to_regex=None, parallel_workers=4, paths=None, symlink_install=False, test_result_base=None, verb_extension=<colcon_core.verb.build.BuildVerb object at 0x7f3b38095dc0>, verb_name='build', verb_parser=<colcon_defaults.argument_parser.defaults.DefaultArgumentsDecorator object at 0x7f3b37d80df0>)
[6.120s] Level 1:colcon.colcon_core.package_discovery:discover_packages(colcon_meta) check parameters
[6.120s] Level 1:colcon.colcon_core.package_discovery:discover_packages(recursive) check parameters
[6.120s] Level 1:colcon.colcon_core.package_discovery:discover_packages(ignore) check parameters
[6.120s] Level 1:colcon.colcon_core.package_discovery:discover_packages(path) check parameters
[6.120s] Level 1:colcon.colcon_core.package_discovery:discover_packages(colcon_meta) discover
[6.120s] Level 1:colcon.colcon_core.package_discovery:discover_packages(recursive) discover
[6.120s] INFO:colcon.colcon_core.package_discovery:Crawling recursively for packages in '/home/long/tracker_ws'
[6.120s] Level 1:colcon.colcon_core.package_identification:_identify(.) by extensions ['ignore', 'ignore_ament_install']
[6.120s] Level 1:colcon.colcon_core.package_identification:_identify(.) by extension 'ignore'
[6.120s] Level 1:colcon.colcon_core.package_identification:_identify(.) by extension 'ignore_ament_install'
[6.121s] Level 1:colcon.colcon_core.package_identification:_identify(.) by extensions ['colcon_pkg']
[6.121s] Level 1:colcon.colcon_core.package_identification:_identify(.) by extension 'colcon_pkg'
[6.121s] Level 1:colcon.colcon_core.package_identification:_identify(.) by extensions ['colcon_meta']
[6.121s] Level 1:colcon.colcon_core.package_identification:_identify(.) by extension 'colcon_meta'
[6.121s] Level 1:colcon.colcon_core.package_identification:_identify(.) by extensions ['ros']
[6.121s] Level 1:colcon.colcon_core.package_identification:_identify(.) by extension 'ros'
[6.133s] Level 1:colcon.colcon_core.package_identification:_identify(.) by extensions ['cmake', 'python']
[6.134s] Level 1:colcon.colcon_core.package_identification:_identify(.) by extension 'cmake'
[6.134s] Level 1:colcon.colcon_core.package_identification:_identify(.) by extension 'python'
[6.134s] Level 1:colcon.colcon_core.package_identification:_identify(.) by extensions ['python_setup_py']
[6.134s] Level 1:colcon.colcon_core.package_identification:_identify(.) by extension 'python_setup_py'
[6.134s] Level 1:colcon.colcon_core.package_identification:_identify(build) by extensions ['ignore', 'ignore_ament_install']
[6.134s] Level 1:colcon.colcon_core.package_identification:_identify(build) by extension 'ignore'
[6.134s] Level 1:colcon.colcon_core.package_identification:_identify(build) ignored
[6.134s] Level 1:colcon.colcon_core.package_identification:_identify(install) by extensions ['ignore', 'ignore_ament_install']
[6.134s] Level 1:colcon.colcon_core.package_identification:_identify(install) by extension 'ignore'
[6.134s] Level 1:colcon.colcon_core.package_identification:_identify(install) ignored
[6.135s] Level 1:colcon.colcon_core.package_identification:_identify(log) by extensions ['ignore', 'ignore_ament_install']
[6.135s] Level 1:colcon.colcon_core.package_identification:_identify(log) by extension 'ignore'
[6.135s] Level 1:colcon.colcon_core.package_identification:_identify(log) ignored
[6.135s] Level 1:colcon.colcon_core.package_identification:_identify(src) by extensions ['ignore', 'ignore_ament_install']
[6.135s] Level 1:colcon.colcon_core.package_identification:_identify(src) by extension 'ignore'
[6.135s] Level 1:colcon.colcon_core.package_identification:_identify(src) by extension 'ignore_ament_install'
[6.135s] Level 1:colcon.colcon_core.package_identification:_identify(src) by extensions ['colcon_pkg']
[6.135s] Level 1:colcon.colcon_core.package_identification:_identify(src) by extension 'colcon_pkg'
[6.135s] Level 1:colcon.colcon_core.package_identification:_identify(src) by extensions ['colcon_meta']
[6.135s] Level 1:colcon.colcon_core.package_identification:_identify(src) by extension 'colcon_meta'
[6.135s] Level 1:colcon.colcon_core.package_identification:_identify(src) by extensions ['ros']
[6.135s] Level 1:colcon.colcon_core.package_identification:_identify(src) by extension 'ros'
[6.135s] Level 1:colcon.colcon_core.package_identification:_identify(src) by extensions ['cmake', 'python']
[6.135s] Level 1:colcon.colcon_core.package_identification:_identify(src) by extension 'cmake'
[6.135s] Level 1:colcon.colcon_core.package_identification:_identify(src) by extension 'python'
[6.135s] Level 1:colcon.colcon_core.package_identification:_identify(src) by extensions ['python_setup_py']
[6.135s] Level 1:colcon.colcon_core.package_identification:_identify(src) by extension 'python_setup_py'
[6.135s] Level 1:colcon.colcon_core.package_identification:_identify(src/tutorial_pkg) by extensions ['ignore', 'ignore_ament_install']
[6.136s] Level 1:colcon.colcon_core.package_identification:_identify(src/tutorial_pkg) by extension 'ignore'
[6.136s] Level 1:colcon.colcon_core.package_identification:_identify(src/tutorial_pkg) by extension 'ignore_ament_install'
[6.136s] Level 1:colcon.colcon_core.package_identification:_identify(src/tutorial_pkg) by extensions ['colcon_pkg']
[6.136s] Level 1:colcon.colcon_core.package_identification:_identify(src/tutorial_pkg) by extension 'colcon_pkg'
[6.136s] Level 1:colcon.colcon_core.package_identification:_identify(src/tutorial_pkg) by extensions ['colcon_meta']
[6.136s] Level 1:colcon.colcon_core.package_identification:_identify(src/tutorial_pkg) by extension 'colcon_meta'
[6.136s] Level 1:colcon.colcon_core.package_identification:_identify(src/tutorial_pkg) by extensions ['ros']
[6.136s] Level 1:colcon.colcon_core.package_identification:_identify(src/tutorial_pkg) by extension 'ros'
[6.138s] DEBUG:colcon.colcon_core.package_identification:Package 'src/tutorial_pkg' with type 'ros.ament_cmake' and name 'tutorial_pkg'
[6.139s] Level 1:colcon.colcon_core.package_discovery:discover_packages(recursive) using defaults
[6.139s] Level 1:colcon.colcon_core.package_discovery:discover_packages(ignore) discover
[6.139s] Level 1:colcon.colcon_core.package_discovery:discover_packages(ignore) using defaults
[6.139s] Level 1:colcon.colcon_core.package_discovery:discover_packages(path) discover
[6.139s] Level 1:colcon.colcon_core.package_discovery:discover_packages(path) using defaults
[6.778s] Level 1:colcon.colcon_core.package_discovery:discover_packages(prefix_path) check parameters
[6.778s] Level 1:colcon.colcon_core.package_discovery:discover_packages(prefix_path) discover
[7.026s] DEBUG:colcon.colcon_installed_package_information.package_discovery:Found 1 installed packages in /home/long/tracker_ws/install
[7.162s] DEBUG:colcon.colcon_installed_package_information.package_discovery:Found 293 installed packages in /opt/ros/foxy
[7.165s] Level 1:colcon.colcon_core.package_discovery:discover_packages(prefix_path) using defaults
[7.540s] Level 5:colcon.colcon_core.verb:set package 'tutorial_pkg' build argument 'cmake_args' from command line to 'None'
[7.540s] Level 5:colcon.colcon_core.verb:set package 'tutorial_pkg' build argument 'cmake_target' from command line to 'None'
[7.540s] Level 5:colcon.colcon_core.verb:set package 'tutorial_pkg' build argument 'cmake_target_skip_unavailable' from command line to 'False'
[7.540s] Level 5:colcon.colcon_core.verb:set package 'tutorial_pkg' build argument 'cmake_clean_cache' from command line to 'False'
[7.540s] Level 5:colcon.colcon_core.verb:set package 'tutorial_pkg' build argument 'cmake_clean_first' from command line to 'False'
[7.540s] Level 5:colcon.colcon_core.verb:set package 'tutorial_pkg' build argument 'cmake_force_configure' from command line to 'False'
[7.540s] Level 5:colcon.colcon_core.verb:set package 'tutorial_pkg' build argument 'ament_cmake_args' from command line to 'None'
[7.540s] Level 5:colcon.colcon_core.verb:set package 'tutorial_pkg' build argument 'catkin_cmake_args' from command line to 'None'
[7.540s] Level 5:colcon.colcon_core.verb:set package 'tutorial_pkg' build argument 'catkin_skip_building_tests' from command line to 'False'
[7.540s] DEBUG:colcon.colcon_core.verb:Building package 'tutorial_pkg' with the following arguments: {'ament_cmake_args': None, 'build_base': '/home/long/tracker_ws/build/tutorial_pkg', 'catkin_cmake_args': None, 'catkin_skip_building_tests': False, 'cmake_args': None, 'cmake_clean_cache': False, 'cmake_clean_first': False, 'cmake_force_configure': False, 'cmake_target': None, 'cmake_target_skip_unavailable': False, 'install_base': '/home/long/tracker_ws/install/tutorial_pkg', 'merge_install': False, 'path': '/home/long/tracker_ws/src/tutorial_pkg', 'symlink_install': False, 'test_result_base': None}
[7.662s] INFO:colcon.colcon_core.executor:Executing jobs using 'parallel' executor
[7.795s] DEBUG:colcon.colcon_parallel_executor.executor.parallel:run_until_complete
[7.795s] INFO:colcon.colcon_ros.task.ament_cmake.build:Building ROS package in '/home/long/tracker_ws/src/tutorial_pkg' with build type 'ament_cmake'
[7.795s] INFO:colcon.colcon_cmake.task.cmake.build:Building CMake package in '/home/long/tracker_ws/src/tutorial_pkg'
[7.935s] INFO:colcon.colcon_core.plugin_system:Skipping extension 'colcon_core.shell.bat': Not used on non-Windows systems
[7.935s] INFO:colcon.colcon_core.shell:Skip shell extension 'powershell' for command environment: Not usable outside of PowerShell
[7.935s] DEBUG:colcon.colcon_core.shell:Skip shell extension 'dsv' for command environment
[8.307s] DEBUG:colcon.colcon_core.event_handler.log_command:Invoking command in '/home/long/tracker_ws/build/tutorial_pkg': CMAKE_PREFIX_PATH=${CMAKE_PREFIX_PATH}:/opt/ros/foxy /usr/bin/cmake --build /home/long/tracker_ws/build/tutorial_pkg -- -j4 -l4
[14.110s] DEBUG:colcon.colcon_core.event_handler.log_command:Invoked command in '/home/long/tracker_ws/build/tutorial_pkg' returned '0': CMAKE_PREFIX_PATH=${CMAKE_PREFIX_PATH}:/opt/ros/foxy /usr/bin/cmake --build /home/long/tracker_ws/build/tutorial_pkg -- -j4 -l4
[14.149s] DEBUG:colcon.colcon_core.event_handler.log_command:Invoking command in '/home/long/tracker_ws/build/tutorial_pkg': CMAKE_PREFIX_PATH=${CMAKE_PREFIX_PATH}:/opt/ros/foxy /usr/bin/cmake --install /home/long/tracker_ws/build/tutorial_pkg
[14.164s] Level 1:colcon.colcon_core.environment:create_environment_scripts_only(tutorial_pkg)
[14.164s] DEBUG:colcon.colcon_core.event_handler.log_command:Invoked command in '/home/long/tracker_ws/build/tutorial_pkg' returned '0': CMAKE_PREFIX_PATH=${CMAKE_PREFIX_PATH}:/opt/ros/foxy /usr/bin/cmake --install /home/long/tracker_ws/build/tutorial_pkg
[14.274s] Level 1:colcon.colcon_core.environment:checking '/home/long/tracker_ws/install/tutorial_pkg' for CMake module files
[14.275s] Level 1:colcon.colcon_core.environment:checking '/home/long/tracker_ws/install/tutorial_pkg' for CMake config files
[14.275s] Level 1:colcon.colcon_core.shell:create_environment_hook('tutorial_pkg', 'cmake_prefix_path')
[14.382s] INFO:colcon.colcon_core.shell:Creating environment hook '/home/long/tracker_ws/install/tutorial_pkg/share/tutorial_pkg/hook/cmake_prefix_path.ps1'
[14.383s] INFO:colcon.colcon_core.shell:Creating environment descriptor '/home/long/tracker_ws/install/tutorial_pkg/share/tutorial_pkg/hook/cmake_prefix_path.dsv'
[14.383s] INFO:colcon.colcon_core.shell:Creating environment hook '/home/long/tracker_ws/install/tutorial_pkg/share/tutorial_pkg/hook/cmake_prefix_path.sh'
[14.384s] Level 1:colcon.colcon_core.environment:checking '/home/long/tracker_ws/install/tutorial_pkg/lib'
[14.384s] Level 1:colcon.colcon_core.environment:checking '/home/long/tracker_ws/install/tutorial_pkg/bin'
[14.384s] Level 1:colcon.colcon_core.environment:checking '/home/long/tracker_ws/install/tutorial_pkg/lib/pkgconfig/tutorial_pkg.pc'
[14.384s] Level 1:colcon.colcon_core.environment:checking '/home/long/tracker_ws/install/tutorial_pkg/lib/python3.8/site-packages'
[14.385s] Level 1:colcon.colcon_core.environment:checking '/home/long/tracker_ws/install/tutorial_pkg/bin'
[14.491s] INFO:colcon.colcon_core.shell:Creating package script '/home/long/tracker_ws/install/tutorial_pkg/share/tutorial_pkg/package.ps1'
[14.492s] INFO:colcon.colcon_core.shell:Creating package descriptor '/home/long/tracker_ws/install/tutorial_pkg/share/tutorial_pkg/package.dsv'
[14.492s] INFO:colcon.colcon_core.shell:Creating package script '/home/long/tracker_ws/install/tutorial_pkg/share/tutorial_pkg/package.sh'
[14.493s] INFO:colcon.colcon_core.shell:Creating package script '/home/long/tracker_ws/install/tutorial_pkg/share/tutorial_pkg/package.bash'
[14.493s] INFO:colcon.colcon_core.shell:Creating package script '/home/long/tracker_ws/install/tutorial_pkg/share/tutorial_pkg/package.zsh'
[14.494s] Level 1:colcon.colcon_core.environment:create_file_with_runtime_dependencies(/home/long/tracker_ws/install/tutorial_pkg/share/colcon-core/packages/tutorial_pkg)
[14.629s] Level 1:colcon.colcon_core.environment:create_environment_scripts_only(tutorial_pkg)
[14.736s] Level 1:colcon.colcon_core.environment:checking '/home/long/tracker_ws/install/tutorial_pkg' for CMake module files
[14.736s] Level 1:colcon.colcon_core.environment:checking '/home/long/tracker_ws/install/tutorial_pkg' for CMake config files
[14.736s] Level 1:colcon.colcon_core.shell:create_environment_hook('tutorial_pkg', 'cmake_prefix_path')
[14.844s] INFO:colcon.colcon_core.shell:Creating environment hook '/home/long/tracker_ws/install/tutorial_pkg/share/tutorial_pkg/hook/cmake_prefix_path.ps1'
[14.845s] INFO:colcon.colcon_core.shell:Creating environment descriptor '/home/long/tracker_ws/install/tutorial_pkg/share/tutorial_pkg/hook/cmake_prefix_path.dsv'
[14.845s] INFO:colcon.colcon_core.shell:Creating environment hook '/home/long/tracker_ws/install/tutorial_pkg/share/tutorial_pkg/hook/cmake_prefix_path.sh'
[14.846s] Level 1:colcon.colcon_core.environment:checking '/home/long/tracker_ws/install/tutorial_pkg/lib'
[14.846s] Level 1:colcon.colcon_core.environment:checking '/home/long/tracker_ws/install/tutorial_pkg/bin'
[14.846s] Level 1:colcon.colcon_core.environment:checking '/home/long/tracker_ws/install/tutorial_pkg/lib/pkgconfig/tutorial_pkg.pc'
[14.846s] Level 1:colcon.colcon_core.environment:checking '/home/long/tracker_ws/install/tutorial_pkg/lib/python3.8/site-packages'
[14.846s] Level 1:colcon.colcon_core.environment:checking '/home/long/tracker_ws/install/tutorial_pkg/bin'
[14.954s] INFO:colcon.colcon_core.shell:Creating package script '/home/long/tracker_ws/install/tutorial_pkg/share/tutorial_pkg/package.ps1'
[14.955s] INFO:colcon.colcon_core.shell:Creating package descriptor '/home/long/tracker_ws/install/tutorial_pkg/share/tutorial_pkg/package.dsv'
[14.955s] INFO:colcon.colcon_core.shell:Creating package script '/home/long/tracker_ws/install/tutorial_pkg/share/tutorial_pkg/package.sh'
[14.956s] INFO:colcon.colcon_core.shell:Creating package script '/home/long/tracker_ws/install/tutorial_pkg/share/tutorial_pkg/package.bash'
[14.956s] INFO:colcon.colcon_core.shell:Creating package script '/home/long/tracker_ws/install/tutorial_pkg/share/tutorial_pkg/package.zsh'
[14.956s] Level 1:colcon.colcon_core.environment:create_file_with_runtime_dependencies(/home/long/tracker_ws/install/tutorial_pkg/share/colcon-core/packages/tutorial_pkg)
[14.957s] DEBUG:colcon.colcon_parallel_executor.executor.parallel:closing loop
[14.957s] DEBUG:colcon.colcon_parallel_executor.executor.parallel:loop closed
[14.957s] DEBUG:colcon.colcon_parallel_executor.executor.parallel:run_until_complete finished with '0'
[14.957s] DEBUG:colcon.colcon_core.event_reactor:joining thread
[15.073s] INFO:colcon.colcon_core.plugin_system:Skipping extension 'colcon_notification.desktop_notification.terminal_notifier': Not used on non-Darwin systems
[15.073s] INFO:colcon.colcon_core.plugin_system:Skipping extension 'colcon_notification.desktop_notification.win32': Not used on non-Windows systems
[15.073s] INFO:colcon.colcon_notification.desktop_notification:Sending desktop notification using 'notify2'
[15.089s] DEBUG:colcon.colcon_core.event_reactor:joined thread
[15.216s] INFO:colcon.colcon_core.shell:Creating prefix script '/home/long/tracker_ws/install/local_setup.ps1'
[15.217s] INFO:colcon.colcon_core.shell:Creating prefix util module '/home/long/tracker_ws/install/_local_setup_util_ps1.py'
[15.218s] INFO:colcon.colcon_core.shell:Creating prefix chain script '/home/long/tracker_ws/install/setup.ps1'
[15.325s] INFO:colcon.colcon_core.shell:Creating prefix script '/home/long/tracker_ws/install/local_setup.sh'
[15.326s] INFO:colcon.colcon_core.shell:Creating prefix util module '/home/long/tracker_ws/install/_local_setup_util_sh.py'
[15.326s] INFO:colcon.colcon_core.shell:Creating prefix chain script '/home/long/tracker_ws/install/setup.sh'
[15.431s] INFO:colcon.colcon_core.shell:Creating prefix script '/home/long/tracker_ws/install/local_setup.bash'
[15.431s] INFO:colcon.colcon_core.shell:Creating prefix chain script '/home/long/tracker_ws/install/setup.bash'
[15.537s] INFO:colcon.colcon_core.shell:Creating prefix script '/home/long/tracker_ws/install/local_setup.zsh'
[15.537s] INFO:colcon.colcon_core.shell:Creating prefix chain script '/home/long/tracker_ws/install/setup.zsh'
